2022-05-13 05:06:48,498 [INFO] sqlalchemy.engine.Engine: BEGIN (implicit)
2022-05-13 05:06:48,503 [INFO] sqlalchemy.engine.Engine: SELECT users.is_active AS users_is_active, users.id AS users_id, users.email AS users_email, users.password AS users_password, users.about AS users_about, users.authenticated AS users_authenticated, users.registered_on AS users_registered_on, users.is_admin AS users_is_admin, users.sum AS users_sum 
FROM users 
WHERE users.id = ?
2022-05-13 05:06:48,504 [INFO] sqlalchemy.engine.Engine: [generated in 0.00089s] (2,)
2022-05-13 05:06:49,036 [INFO] sqlalchemy.engine.Engine: ROLLBACK
2022-05-13 05:06:53,666 [INFO] sqlalchemy.engine.Engine: BEGIN (implicit)
2022-05-13 05:06:53,667 [INFO] sqlalchemy.engine.Engine: SELECT users.is_active AS users_is_active, users.id AS users_id, users.email AS users_email, users.password AS users_password, users.about AS users_about, users.authenticated AS users_authenticated, users.registered_on AS users_registered_on, users.is_admin AS users_is_admin, users.sum AS users_sum 
FROM users 
WHERE users.id = ?
2022-05-13 05:06:53,668 [INFO] sqlalchemy.engine.Engine: [cached since 5.165s ago] (2,)
2022-05-13 05:06:54,588 [INFO] sqlalchemy.engine.Engine: ROLLBACK
2022-05-13 05:07:09,818 [INFO] sqlalchemy.engine.Engine: BEGIN (implicit)
2022-05-13 05:07:09,819 [INFO] sqlalchemy.engine.Engine: SELECT users.is_active AS users_is_active, users.id AS users_id, users.email AS users_email, users.password AS users_password, users.about AS users_about, users.authenticated AS users_authenticated, users.registered_on AS users_registered_on, users.is_admin AS users_is_admin, users.sum AS users_sum 
FROM users 
WHERE users.id = ?
2022-05-13 05:07:09,820 [INFO] sqlalchemy.engine.Engine: [cached since 21.32s ago] (2,)
2022-05-13 05:07:09,834 [INFO] sqlalchemy.engine.Engine: SELECT users.is_active AS users_is_active, users.id AS users_id, users.email AS users_email, users.password AS users_password, users.about AS users_about, users.authenticated AS users_authenticated, users.registered_on AS users_registered_on, users.is_admin AS users_is_admin, users.sum AS users_sum 
FROM users 
WHERE users.email = ?
 LIMIT ? OFFSET ?
2022-05-13 05:07:09,834 [INFO] sqlalchemy.engine.Engine: [generated in 0.00082s] ('sk3285@njit.edu', 1, 0)
2022-05-13 05:07:10,246 [INFO] sqlalchemy.engine.Engine: INSERT INTO users (email, password, about, authenticated, registered_on) VALUES (?, ?, ?, ?, ?)
2022-05-13 05:07:10,247 [INFO] sqlalchemy.engine.Engine: [generated in 0.00098s] ('sk3285@njit.edu', 'pbkdf2:sha256:260000$ZdjnE4kNyoap8K0J$fc15b81bb44ee3911e2ee8cb79a2c8c659f42a0a5f83c10ac4e2de8879fb9fee', None, 0, '2022-05-13 05:07:10.243498')
2022-05-13 05:07:10,263 [INFO] sqlalchemy.engine.Engine: COMMIT
2022-05-13 05:07:10,906 [INFO] sqlalchemy.engine.Engine: BEGIN (implicit)
2022-05-13 05:07:10,909 [INFO] sqlalchemy.engine.Engine: SELECT users.is_active AS users_is_active, users.id AS users_id, users.email AS users_email, users.password AS users_password, users.about AS users_about, users.authenticated AS users_authenticated, users.registered_on AS users_registered_on, users.is_admin AS users_is_admin, users.sum AS users_sum 
FROM users 
WHERE users.id = ?
2022-05-13 05:07:10,909 [INFO] sqlalchemy.engine.Engine: [generated in 0.00082s] (1,)
2022-05-13 05:07:10,921 [INFO] sqlalchemy.engine.Engine: UPDATE users SET is_admin=? WHERE users.id = ?
2022-05-13 05:07:10,922 [INFO] sqlalchemy.engine.Engine: [generated in 0.00119s] (1, 1)
2022-05-13 05:07:11,009 [INFO] sqlalchemy.engine.Engine: COMMIT
2022-05-13 05:07:11,393 [INFO] sqlalchemy.engine.Engine: BEGIN (implicit)
2022-05-13 05:07:11,395 [INFO] sqlalchemy.engine.Engine: SELECT users.is_active AS users_is_active, users.id AS users_id, users.email AS users_email, users.password AS users_password, users.about AS users_about, users.authenticated AS users_authenticated, users.registered_on AS users_registered_on, users.is_admin AS users_is_admin, users.sum AS users_sum 
FROM users 
WHERE users.id = ?
2022-05-13 05:07:11,398 [INFO] sqlalchemy.engine.Engine: [cached since 22.89s ago] (2,)
2022-05-13 05:07:11,493 [INFO] sqlalchemy.engine.Engine: ROLLBACK
2022-05-13 05:07:20,009 [INFO] sqlalchemy.engine.Engine: BEGIN (implicit)
2022-05-13 05:07:20,010 [INFO] sqlalchemy.engine.Engine: SELECT users.is_active AS users_is_active, users.id AS users_id, users.email AS users_email, users.password AS users_password, users.about AS users_about, users.authenticated AS users_authenticated, users.registered_on AS users_registered_on, users.is_admin AS users_is_admin, users.sum AS users_sum 
FROM users 
WHERE users.id = ?
2022-05-13 05:07:20,011 [INFO] sqlalchemy.engine.Engine: [cached since 31.51s ago] (2,)
2022-05-13 05:07:20,046 [INFO] sqlalchemy.engine.Engine: SELECT users.is_active AS users_is_active, users.id AS users_id, users.email AS users_email, users.password AS users_password, users.about AS users_about, users.authenticated AS users_authenticated, users.registered_on AS users_registered_on, users.is_admin AS users_is_admin, users.sum AS users_sum 
FROM users 
WHERE users.email = ?
 LIMIT ? OFFSET ?
2022-05-13 05:07:20,047 [INFO] sqlalchemy.engine.Engine: [cached since 10.21s ago] ('sk3285@njit.edu', 1, 0)
2022-05-13 05:07:20,869 [INFO] sqlalchemy.engine.Engine: UPDATE users SET authenticated=? WHERE users.id = ?
2022-05-13 05:07:20,870 [INFO] sqlalchemy.engine.Engine: [generated in 0.00078s] (1, 1)
2022-05-13 05:07:20,877 [INFO] sqlalchemy.engine.Engine: COMMIT
2022-05-13 05:07:21,078 [INFO] sqlalchemy.engine.Engine: BEGIN (implicit)
2022-05-13 05:07:21,079 [INFO] sqlalchemy.engine.Engine: SELECT users.is_active AS users_is_active, users.id AS users_id, users.email AS users_email, users.password AS users_password, users.about AS users_about, users.authenticated AS users_authenticated, users.registered_on AS users_registered_on, users.is_admin AS users_is_admin, users.sum AS users_sum 
FROM users 
WHERE users.id = ?
2022-05-13 05:07:21,079 [INFO] sqlalchemy.engine.Engine: [cached since 10.17s ago] (1,)
2022-05-13 05:07:21,089 [INFO] sqlalchemy.engine.Engine: ROLLBACK
2022-05-13 05:07:21,108 [INFO] sqlalchemy.engine.Engine: BEGIN (implicit)
2022-05-13 05:07:21,109 [INFO] sqlalchemy.engine.Engine: SELECT users.is_active AS users_is_active, users.id AS users_id, users.email AS users_email, users.password AS users_password, users.about AS users_about, users.authenticated AS users_authenticated, users.registered_on AS users_registered_on, users.is_admin AS users_is_admin, users.sum AS users_sum 
FROM users 
WHERE users.id = ?
2022-05-13 05:07:21,110 [INFO] sqlalchemy.engine.Engine: [cached since 32.61s ago] (1,)
2022-05-13 05:07:21,120 [INFO] sqlalchemy.engine.Engine: SELECT transactions.id AS transactions_id, transactions.amount AS transactions_amount, transactions.type AS transactions_type, transactions.balance AS transactions_balance, transactions.user_id AS transactions_user_id 
FROM transactions
 LIMIT ? OFFSET ?
2022-05-13 05:07:21,121 [INFO] sqlalchemy.engine.Engine: [generated in 0.00087s] (1, 0)
2022-05-13 05:07:21,562 [INFO] sqlalchemy.engine.Engine: ROLLBACK
2022-05-13 05:07:28,262 [INFO] sqlalchemy.engine.Engine: BEGIN (implicit)
2022-05-13 05:07:28,263 [INFO] sqlalchemy.engine.Engine: SELECT users.is_active AS users_is_active, users.id AS users_id, users.email AS users_email, users.password AS users_password, users.about AS users_about, users.authenticated AS users_authenticated, users.registered_on AS users_registered_on, users.is_admin AS users_is_admin, users.sum AS users_sum 
FROM users 
WHERE users.id = ?
2022-05-13 05:07:28,264 [INFO] sqlalchemy.engine.Engine: [cached since 39.76s ago] (1,)
2022-05-13 05:07:28,305 [INFO] sqlalchemy.engine.Engine: ROLLBACK
2022-05-13 05:07:34,969 [INFO] sqlalchemy.engine.Engine: BEGIN (implicit)
2022-05-13 05:07:34,970 [INFO] sqlalchemy.engine.Engine: SELECT users.is_active AS users_is_active, users.id AS users_id, users.email AS users_email, users.password AS users_password, users.about AS users_about, users.authenticated AS users_authenticated, users.registered_on AS users_registered_on, users.is_admin AS users_is_admin, users.sum AS users_sum 
FROM users 
WHERE users.id = ?
2022-05-13 05:07:34,971 [INFO] sqlalchemy.engine.Engine: [cached since 46.47s ago] (1,)
2022-05-13 05:07:34,985 [INFO] sqlalchemy.engine.Engine: UPDATE users SET about=? WHERE users.id = ?
2022-05-13 05:07:34,986 [INFO] sqlalchemy.engine.Engine: [generated in 0.00305s] ('test tegdsjhcasd', 1)
2022-05-13 05:07:35,025 [INFO] sqlalchemy.engine.Engine: COMMIT
2022-05-13 05:07:35,187 [INFO] sqlalchemy.engine.Engine: BEGIN (implicit)
2022-05-13 05:07:35,188 [INFO] sqlalchemy.engine.Engine: SELECT users.is_active AS users_is_active, users.id AS users_id, users.email AS users_email, users.password AS users_password, users.about AS users_about, users.authenticated AS users_authenticated, users.registered_on AS users_registered_on, users.is_admin AS users_is_admin, users.sum AS users_sum 
FROM users 
WHERE users.id = ?
2022-05-13 05:07:35,189 [INFO] sqlalchemy.engine.Engine: [cached since 24.28s ago] (1,)
2022-05-13 05:07:35,196 [INFO] sqlalchemy.engine.Engine: ROLLBACK
2022-05-13 05:07:35,211 [INFO] sqlalchemy.engine.Engine: BEGIN (implicit)
2022-05-13 05:07:35,212 [INFO] sqlalchemy.engine.Engine: SELECT users.is_active AS users_is_active, users.id AS users_id, users.email AS users_email, users.password AS users_password, users.about AS users_about, users.authenticated AS users_authenticated, users.registered_on AS users_registered_on, users.is_admin AS users_is_admin, users.sum AS users_sum 
FROM users 
WHERE users.id = ?
2022-05-13 05:07:35,212 [INFO] sqlalchemy.engine.Engine: [cached since 46.71s ago] (1,)
2022-05-13 05:07:35,218 [INFO] sqlalchemy.engine.Engine: SELECT transactions.id AS transactions_id, transactions.amount AS transactions_amount, transactions.type AS transactions_type, transactions.balance AS transactions_balance, transactions.user_id AS transactions_user_id 
FROM transactions
 LIMIT ? OFFSET ?
2022-05-13 05:07:35,218 [INFO] sqlalchemy.engine.Engine: [cached since 14.1s ago] (1, 0)
2022-05-13 05:07:35,231 [INFO] sqlalchemy.engine.Engine: ROLLBACK
2022-05-13 05:07:38,585 [INFO] sqlalchemy.engine.Engine: BEGIN (implicit)
2022-05-13 05:07:38,586 [INFO] sqlalchemy.engine.Engine: SELECT users.is_active AS users_is_active, users.id AS users_id, users.email AS users_email, users.password AS users_password, users.about AS users_about, users.authenticated AS users_authenticated, users.registered_on AS users_registered_on, users.is_admin AS users_is_admin, users.sum AS users_sum 
FROM users 
WHERE users.id = ?
2022-05-13 05:07:38,587 [INFO] sqlalchemy.engine.Engine: [cached since 50.08s ago] (1,)
2022-05-13 05:07:38,633 [INFO] sqlalchemy.engine.Engine: ROLLBACK
2022-05-13 05:07:47,599 [INFO] sqlalchemy.engine.Engine: BEGIN (implicit)
2022-05-13 05:07:47,602 [INFO] sqlalchemy.engine.Engine: SELECT users.is_active AS users_is_active, users.id AS users_id, users.email AS users_email, users.password AS users_password, users.about AS users_about, users.authenticated AS users_authenticated, users.registered_on AS users_registered_on, users.is_admin AS users_is_admin, users.sum AS users_sum 
FROM users 
WHERE users.id = ?
2022-05-13 05:07:47,603 [INFO] sqlalchemy.engine.Engine: [cached since 59.1s ago] (1,)
2022-05-13 05:07:47,615 [INFO] sqlalchemy.engine.Engine: UPDATE users SET password=? WHERE users.id = ?
2022-05-13 05:07:47,617 [INFO] sqlalchemy.engine.Engine: [generated in 0.00204s] ('testtest', 1)
2022-05-13 05:07:47,642 [INFO] sqlalchemy.engine.Engine: COMMIT
2022-05-13 05:07:47,869 [INFO] sqlalchemy.engine.Engine: BEGIN (implicit)
2022-05-13 05:07:47,871 [INFO] sqlalchemy.engine.Engine: SELECT users.is_active AS users_is_active, users.id AS users_id, users.email AS users_email, users.password AS users_password, users.about AS users_about, users.authenticated AS users_authenticated, users.registered_on AS users_registered_on, users.is_admin AS users_is_admin, users.sum AS users_sum 
FROM users 
WHERE users.id = ?
2022-05-13 05:07:47,871 [INFO] sqlalchemy.engine.Engine: [cached since 59.37s ago] (1,)
2022-05-13 05:07:47,879 [INFO] sqlalchemy.engine.Engine: SELECT transactions.id AS transactions_id, transactions.amount AS transactions_amount, transactions.type AS transactions_type, transactions.balance AS transactions_balance, transactions.user_id AS transactions_user_id 
FROM transactions
 LIMIT ? OFFSET ?
2022-05-13 05:07:47,880 [INFO] sqlalchemy.engine.Engine: [cached since 26.76s ago] (1, 0)
2022-05-13 05:07:47,897 [INFO] sqlalchemy.engine.Engine: ROLLBACK
2022-05-13 05:07:51,570 [INFO] sqlalchemy.engine.Engine: BEGIN (implicit)
2022-05-13 05:07:51,571 [INFO] sqlalchemy.engine.Engine: SELECT users.is_active AS users_is_active, users.id AS users_id, users.email AS users_email, users.password AS users_password, users.about AS users_about, users.authenticated AS users_authenticated, users.registered_on AS users_registered_on, users.is_admin AS users_is_admin, users.sum AS users_sum 
FROM users 
WHERE users.id = ?
2022-05-13 05:07:51,571 [INFO] sqlalchemy.engine.Engine: [cached since 63.07s ago] (1,)
2022-05-13 05:07:51,578 [INFO] sqlalchemy.engine.Engine: SELECT users.is_active AS users_is_active, users.id AS users_id, users.email AS users_email, users.password AS users_password, users.about AS users_about, users.authenticated AS users_authenticated, users.registered_on AS users_registered_on, users.is_admin AS users_is_admin, users.sum AS users_sum 
FROM users
2022-05-13 05:07:51,579 [INFO] sqlalchemy.engine.Engine: [generated in 0.00062s] ()
2022-05-13 05:07:51,629 [INFO] sqlalchemy.engine.Engine: ROLLBACK
2022-05-13 05:07:54,348 [INFO] sqlalchemy.engine.Engine: BEGIN (implicit)
2022-05-13 05:07:54,349 [INFO] sqlalchemy.engine.Engine: SELECT users.is_active AS users_is_active, users.id AS users_id, users.email AS users_email, users.password AS users_password, users.about AS users_about, users.authenticated AS users_authenticated, users.registered_on AS users_registered_on, users.is_admin AS users_is_admin, users.sum AS users_sum 
FROM users 
WHERE users.id = ?
2022-05-13 05:07:54,351 [INFO] sqlalchemy.engine.Engine: [cached since 65.85s ago] (1,)
2022-05-13 05:07:54,402 [INFO] sqlalchemy.engine.Engine: ROLLBACK
2022-05-13 05:08:04,526 [INFO] sqlalchemy.engine.Engine: BEGIN (implicit)
2022-05-13 05:08:04,529 [INFO] sqlalchemy.engine.Engine: SELECT users.is_active AS users_is_active, users.id AS users_id, users.email AS users_email, users.password AS users_password, users.about AS users_about, users.authenticated AS users_authenticated, users.registered_on AS users_registered_on, users.is_admin AS users_is_admin, users.sum AS users_sum 
FROM users 
WHERE users.id = ?
2022-05-13 05:08:04,530 [INFO] sqlalchemy.engine.Engine: [cached since 76.03s ago] (1,)
2022-05-13 05:08:04,550 [INFO] sqlalchemy.engine.Engine: SELECT users.is_active AS users_is_active, users.id AS users_id, users.email AS users_email, users.password AS users_password, users.about AS users_about, users.authenticated AS users_authenticated, users.registered_on AS users_registered_on, users.is_admin AS users_is_admin, users.sum AS users_sum 
FROM users 
WHERE users.email = ?
 LIMIT ? OFFSET ?
2022-05-13 05:08:04,551 [INFO] sqlalchemy.engine.Engine: [cached since 54.72s ago] ('sk@njit.com', 1, 0)
2022-05-13 05:08:04,991 [INFO] sqlalchemy.engine.Engine: INSERT INTO users (email, password, about, authenticated, registered_on) VALUES (?, ?, ?, ?, ?)
2022-05-13 05:08:04,991 [INFO] sqlalchemy.engine.Engine: [cached since 54.75s ago] ('sk@njit.com', 'pbkdf2:sha256:260000$dhiYiSsNenrB94wa$ae7421cfc8f1a0425f6ba6dfd90fae170d256bf8df312aeab1824d82da274519', None, 0, '2022-05-13 05:08:04.990060')
2022-05-13 05:08:05,003 [INFO] sqlalchemy.engine.Engine: COMMIT
2022-05-13 05:08:05,166 [INFO] sqlalchemy.engine.Engine: BEGIN (implicit)
2022-05-13 05:08:05,167 [INFO] sqlalchemy.engine.Engine: SELECT users.is_active AS users_is_active, users.id AS users_id, users.email AS users_email, users.password AS users_password, users.about AS users_about, users.authenticated AS users_authenticated, users.registered_on AS users_registered_on, users.is_admin AS users_is_admin, users.sum AS users_sum 
FROM users 
WHERE users.id = ?
2022-05-13 05:08:05,167 [INFO] sqlalchemy.engine.Engine: [cached since 76.66s ago] (1,)
2022-05-13 05:08:05,175 [INFO] sqlalchemy.engine.Engine: SELECT users.is_active AS users_is_active, users.id AS users_id, users.email AS users_email, users.password AS users_password, users.about AS users_about, users.authenticated AS users_authenticated, users.registered_on AS users_registered_on, users.is_admin AS users_is_admin, users.sum AS users_sum 
FROM users
2022-05-13 05:08:05,175 [INFO] sqlalchemy.engine.Engine: [cached since 13.6s ago] ()
2022-05-13 05:08:05,199 [INFO] sqlalchemy.engine.Engine: ROLLBACK
2022-05-13 05:08:07,887 [INFO] sqlalchemy.engine.Engine: BEGIN (implicit)
2022-05-13 05:08:07,888 [INFO] sqlalchemy.engine.Engine: SELECT users.is_active AS users_is_active, users.id AS users_id, users.email AS users_email, users.password AS users_password, users.about AS users_about, users.authenticated AS users_authenticated, users.registered_on AS users_registered_on, users.is_admin AS users_is_admin, users.sum AS users_sum 
FROM users 
WHERE users.id = ?
2022-05-13 05:08:07,889 [INFO] sqlalchemy.engine.Engine: [cached since 79.39s ago] (1,)
2022-05-13 05:08:07,934 [INFO] sqlalchemy.engine.Engine: ROLLBACK
2022-05-13 05:08:12,579 [INFO] sqlalchemy.engine.Engine: BEGIN (implicit)
2022-05-13 05:08:12,580 [INFO] sqlalchemy.engine.Engine: SELECT users.is_active AS users_is_active, users.id AS users_id, users.email AS users_email, users.password AS users_password, users.about AS users_about, users.authenticated AS users_authenticated, users.registered_on AS users_registered_on, users.is_admin AS users_is_admin, users.sum AS users_sum 
FROM users 
WHERE users.id = ?
2022-05-13 05:08:12,580 [INFO] sqlalchemy.engine.Engine: [cached since 84.08s ago] (1,)
2022-05-13 05:08:12,590 [INFO] sqlalchemy.engine.Engine: SELECT users.is_active AS users_is_active, users.id AS users_id, users.email AS users_email, users.password AS users_password, users.about AS users_about, users.authenticated AS users_authenticated, users.registered_on AS users_registered_on, users.is_admin AS users_is_admin, users.sum AS users_sum 
FROM users
2022-05-13 05:08:12,591 [INFO] sqlalchemy.engine.Engine: [cached since 21.01s ago] ()
2022-05-13 05:08:12,608 [INFO] sqlalchemy.engine.Engine: ROLLBACK
2022-05-13 05:08:14,862 [INFO] sqlalchemy.engine.Engine: BEGIN (implicit)
2022-05-13 05:08:14,863 [INFO] sqlalchemy.engine.Engine: SELECT users.is_active AS users_is_active, users.id AS users_id, users.email AS users_email, users.password AS users_password, users.about AS users_about, users.authenticated AS users_authenticated, users.registered_on AS users_registered_on, users.is_admin AS users_is_admin, users.sum AS users_sum 
FROM users 
WHERE users.id = ?
2022-05-13 05:08:14,864 [INFO] sqlalchemy.engine.Engine: [cached since 86.36s ago] (1,)
2022-05-13 05:08:14,872 [INFO] sqlalchemy.engine.Engine: SELECT users.is_active AS users_is_active, users.id AS users_id, users.email AS users_email, users.password AS users_password, users.about AS users_about, users.authenticated AS users_authenticated, users.registered_on AS users_registered_on, users.is_admin AS users_is_admin, users.sum AS users_sum 
FROM users 
WHERE users.id = ?
2022-05-13 05:08:14,873 [INFO] sqlalchemy.engine.Engine: [cached since 86.37s ago] (2,)
2022-05-13 05:08:14,884 [INFO] sqlalchemy.engine.Engine: ROLLBACK
2022-05-13 05:08:20,184 [INFO] sqlalchemy.engine.Engine: BEGIN (implicit)
2022-05-13 05:08:20,186 [INFO] sqlalchemy.engine.Engine: SELECT users.is_active AS users_is_active, users.id AS users_id, users.email AS users_email, users.password AS users_password, users.about AS users_about, users.authenticated AS users_authenticated, users.registered_on AS users_registered_on, users.is_admin AS users_is_admin, users.sum AS users_sum 
FROM users 
WHERE users.id = ?
2022-05-13 05:08:20,188 [INFO] sqlalchemy.engine.Engine: [cached since 91.68s ago] (1,)
2022-05-13 05:08:20,237 [INFO] sqlalchemy.engine.Engine: SELECT users.is_active AS users_is_active, users.id AS users_id, users.email AS users_email, users.password AS users_password, users.about AS users_about, users.authenticated AS users_authenticated, users.registered_on AS users_registered_on, users.is_admin AS users_is_admin, users.sum AS users_sum 
FROM users 
WHERE users.id = ?
2022-05-13 05:08:20,238 [INFO] sqlalchemy.engine.Engine: [cached since 91.73s ago] (2,)
2022-05-13 05:08:20,242 [INFO] sqlalchemy.engine.Engine: UPDATE users SET about=?, is_admin=? WHERE users.id = ?
2022-05-13 05:08:20,243 [INFO] sqlalchemy.engine.Engine: [generated in 0.00068s] ('akjgljskddjfhklajdsf', 1, 2)
2022-05-13 05:08:20,253 [INFO] sqlalchemy.engine.Engine: COMMIT
2022-05-13 05:08:20,374 [INFO] sqlalchemy.engine.Engine: BEGIN (implicit)
2022-05-13 05:08:20,375 [INFO] sqlalchemy.engine.Engine: SELECT users.is_active AS users_is_active, users.id AS users_id, users.email AS users_email, users.password AS users_password, users.about AS users_about, users.authenticated AS users_authenticated, users.registered_on AS users_registered_on, users.is_admin AS users_is_admin, users.sum AS users_sum 
FROM users 
WHERE users.id = ?
2022-05-13 05:08:20,375 [INFO] sqlalchemy.engine.Engine: [cached since 91.87s ago] (1,)
2022-05-13 05:08:20,385 [INFO] sqlalchemy.engine.Engine: SELECT users.is_active AS users_is_active, users.id AS users_id, users.email AS users_email, users.password AS users_password, users.about AS users_about, users.authenticated AS users_authenticated, users.registered_on AS users_registered_on, users.is_admin AS users_is_admin, users.sum AS users_sum 
FROM users
2022-05-13 05:08:20,386 [INFO] sqlalchemy.engine.Engine: [cached since 28.81s ago] ()
2022-05-13 05:08:20,407 [INFO] sqlalchemy.engine.Engine: ROLLBACK
2022-05-13 05:08:25,019 [INFO] sqlalchemy.engine.Engine: BEGIN (implicit)
2022-05-13 05:08:25,023 [INFO] sqlalchemy.engine.Engine: SELECT transactions.id AS transactions_id, transactions.amount AS transactions_amount, transactions.type AS transactions_type, transactions.balance AS transactions_balance, transactions.user_id AS transactions_user_id 
FROM transactions
 LIMIT ? OFFSET ?
2022-05-13 05:08:25,024 [INFO] sqlalchemy.engine.Engine: [generated in 0.00146s] (1000, 0)
2022-05-13 05:08:25,053 [INFO] sqlalchemy.engine.Engine: SELECT count(*) AS count_1 
FROM (SELECT transactions.id AS transactions_id, transactions.amount AS transactions_amount, transactions.type AS transactions_type, transactions.balance AS transactions_balance, transactions.user_id AS transactions_user_id 
FROM transactions) AS anon_1
2022-05-13 05:08:25,055 [INFO] sqlalchemy.engine.Engine: [generated in 0.00134s] ()
2022-05-13 05:08:25,065 [INFO] sqlalchemy.engine.Engine: SELECT users.is_active AS users_is_active, users.id AS users_id, users.email AS users_email, users.password AS users_password, users.about AS users_about, users.authenticated AS users_authenticated, users.registered_on AS users_registered_on, users.is_admin AS users_is_admin, users.sum AS users_sum 
FROM users 
WHERE users.id = ?
2022-05-13 05:08:25,066 [INFO] sqlalchemy.engine.Engine: [cached since 96.56s ago] (1,)
2022-05-13 05:08:25,077 [INFO] sqlalchemy.engine.Engine: COMMIT
2022-05-13 05:08:25,171 [INFO] sqlalchemy.engine.Engine: BEGIN (implicit)
2022-05-13 05:08:25,173 [INFO] sqlalchemy.engine.Engine: SELECT users.is_active AS users_is_active, users.id AS users_id, users.email AS users_email, users.password AS users_password, users.about AS users_about, users.authenticated AS users_authenticated, users.registered_on AS users_registered_on, users.is_admin AS users_is_admin, users.sum AS users_sum 
FROM users 
WHERE users.id = ?
2022-05-13 05:08:25,174 [INFO] sqlalchemy.engine.Engine: [cached since 74.27s ago] (1,)
2022-05-13 05:08:25,194 [INFO] sqlalchemy.engine.Engine: ROLLBACK
2022-05-13 05:08:27,442 [INFO] sqlalchemy.engine.Engine: BEGIN (implicit)
2022-05-13 05:08:27,443 [INFO] sqlalchemy.engine.Engine: SELECT users.is_active AS users_is_active, users.id AS users_id, users.email AS users_email, users.password AS users_password, users.about AS users_about, users.authenticated AS users_authenticated, users.registered_on AS users_registered_on, users.is_admin AS users_is_admin, users.sum AS users_sum 
FROM users 
WHERE users.id = ?
2022-05-13 05:08:27,443 [INFO] sqlalchemy.engine.Engine: [cached since 98.94s ago] (1,)
2022-05-13 05:08:27,489 [INFO] sqlalchemy.engine.Engine: ROLLBACK
2022-05-13 05:08:38,709 [INFO] sqlalchemy.engine.Engine: BEGIN (implicit)
2022-05-13 05:08:38,711 [INFO] sqlalchemy.engine.Engine: SELECT users.is_active AS users_is_active, users.id AS users_id, users.email AS users_email, users.password AS users_password, users.about AS users_about, users.authenticated AS users_authenticated, users.registered_on AS users_registered_on, users.is_admin AS users_is_admin, users.sum AS users_sum 
FROM users 
WHERE users.id = ?
2022-05-13 05:08:38,711 [INFO] sqlalchemy.engine.Engine: [cached since 110.2s ago] (1,)
2022-05-13 05:08:38,747 [INFO] sqlalchemy.engine.Engine: SELECT transactions.id AS transactions_id, transactions.amount AS transactions_amount, transactions.type AS transactions_type, transactions.balance AS transactions_balance, transactions.user_id AS transactions_user_id 
FROM transactions 
WHERE ? = transactions.user_id
2022-05-13 05:08:38,748 [INFO] sqlalchemy.engine.Engine: [generated in 0.00120s] (1,)
2022-05-13 05:08:38,761 [INFO] sqlalchemy.engine.Engine: INSERT INTO transactions (amount, type, user_id) VALUES (?, ?, ?)
2022-05-13 05:08:38,762 [INFO] sqlalchemy.engine.Engine: [generated in 0.00087s] ('2000', 'CREDIT', 1)
2022-05-13 05:08:38,783 [INFO] sqlalchemy.engine.Engine: INSERT INTO transactions (amount, type, user_id) VALUES (?, ?, ?)
2022-05-13 05:08:38,784 [INFO] sqlalchemy.engine.Engine: [cached since 0.02281s ago] ('2000', 'CREDIT', 1)
2022-05-13 05:08:38,785 [INFO] sqlalchemy.engine.Engine: INSERT INTO transactions (amount, type, user_id) VALUES (?, ?, ?)
2022-05-13 05:08:38,785 [INFO] sqlalchemy.engine.Engine: [cached since 0.02416s ago] ('-100', 'DEBIT', 1)
2022-05-13 05:08:38,786 [INFO] sqlalchemy.engine.Engine: INSERT INTO transactions (amount, type, user_id) VALUES (?, ?, ?)
2022-05-13 05:08:38,787 [INFO] sqlalchemy.engine.Engine: [cached since 0.02563s ago] ('200', 'CREDIT', 1)
2022-05-13 05:08:38,787 [INFO] sqlalchemy.engine.Engine: INSERT INTO transactions (amount, type, user_id) VALUES (?, ?, ?)
2022-05-13 05:08:38,788 [INFO] sqlalchemy.engine.Engine: [cached since 0.02686s ago] ('200', 'CREDIT', 1)
2022-05-13 05:08:38,789 [INFO] sqlalchemy.engine.Engine: INSERT INTO transactions (amount, type, user_id) VALUES (?, ?, ?)
2022-05-13 05:08:38,789 [INFO] sqlalchemy.engine.Engine: [cached since 0.0282s ago] ('200', 'CREDIT', 1)
2022-05-13 05:08:38,790 [INFO] sqlalchemy.engine.Engine: INSERT INTO transactions (amount, type, user_id) VALUES (?, ?, ?)
2022-05-13 05:08:38,791 [INFO] sqlalchemy.engine.Engine: [cached since 0.0301s ago] ('-1000', 'DEBIT', 1)
2022-05-13 05:08:38,792 [INFO] sqlalchemy.engine.Engine: INSERT INTO transactions (amount, type, user_id) VALUES (?, ?, ?)
2022-05-13 05:08:38,793 [INFO] sqlalchemy.engine.Engine: [cached since 0.03184s ago] ('200', 'CREDIT', 1)
2022-05-13 05:08:38,794 [INFO] sqlalchemy.engine.Engine: INSERT INTO transactions (amount, type, user_id) VALUES (?, ?, ?)
2022-05-13 05:08:38,795 [INFO] sqlalchemy.engine.Engine: [cached since 0.03399s ago] ('1000', 'CREDIT', 1)
2022-05-13 05:08:38,796 [INFO] sqlalchemy.engine.Engine: INSERT INTO transactions (amount, type, user_id) VALUES (?, ?, ?)
2022-05-13 05:08:38,797 [INFO] sqlalchemy.engine.Engine: [cached since 0.036s ago] ('-100', 'DEBIT', 1)
2022-05-13 05:08:38,798 [INFO] sqlalchemy.engine.Engine: INSERT INTO transactions (amount, type, user_id) VALUES (?, ?, ?)
2022-05-13 05:08:38,799 [INFO] sqlalchemy.engine.Engine: [cached since 0.03843s ago] ('100', 'CREDIT', 1)
2022-05-13 05:08:38,800 [INFO] sqlalchemy.engine.Engine: INSERT INTO transactions (amount, type, user_id) VALUES (?, ?, ?)
2022-05-13 05:08:38,801 [INFO] sqlalchemy.engine.Engine: [cached since 0.03992s ago] ('1000', 'CREDIT', 1)
2022-05-13 05:08:38,802 [INFO] sqlalchemy.engine.Engine: INSERT INTO transactions (amount, type, user_id) VALUES (?, ?, ?)
2022-05-13 05:08:38,802 [INFO] sqlalchemy.engine.Engine: [cached since 0.04128s ago] ('1000', 'CREDIT', 1)
2022-05-13 05:08:38,803 [INFO] sqlalchemy.engine.Engine: INSERT INTO transactions (amount, type, user_id) VALUES (?, ?, ?)
2022-05-13 05:08:38,804 [INFO] sqlalchemy.engine.Engine: [cached since 0.04336s ago] ('-100', 'DEBIT', 1)
2022-05-13 05:08:38,805 [INFO] sqlalchemy.engine.Engine: INSERT INTO transactions (amount, type, user_id) VALUES (?, ?, ?)
2022-05-13 05:08:38,806 [INFO] sqlalchemy.engine.Engine: [cached since 0.04496s ago] ('1000', 'CREDIT', 1)
2022-05-13 05:08:38,807 [INFO] sqlalchemy.engine.Engine: INSERT INTO transactions (amount, type, user_id) VALUES (?, ?, ?)
2022-05-13 05:08:38,808 [INFO] sqlalchemy.engine.Engine: [cached since 0.04674s ago] ('100', 'CREDIT', 1)
2022-05-13 05:08:38,809 [INFO] sqlalchemy.engine.Engine: INSERT INTO transactions (amount, type, user_id) VALUES (?, ?, ?)
2022-05-13 05:08:38,809 [INFO] sqlalchemy.engine.Engine: [cached since 0.04829s ago] ('-100', 'DEBIT', 1)
2022-05-13 05:08:38,810 [INFO] sqlalchemy.engine.Engine: INSERT INTO transactions (amount, type, user_id) VALUES (?, ?, ?)
2022-05-13 05:08:38,811 [INFO] sqlalchemy.engine.Engine: [cached since 0.04984s ago] ('100', 'CREDIT', 1)
2022-05-13 05:08:38,812 [INFO] sqlalchemy.engine.Engine: INSERT INTO transactions (amount, type, user_id) VALUES (?, ?, ?)
2022-05-13 05:08:38,812 [INFO] sqlalchemy.engine.Engine: [cached since 0.05143s ago] ('100', 'CREDIT', 1)
2022-05-13 05:08:38,814 [INFO] sqlalchemy.engine.Engine: INSERT INTO transactions (amount, type, user_id) VALUES (?, ?, ?)
2022-05-13 05:08:38,814 [INFO] sqlalchemy.engine.Engine: [cached since 0.05325s ago] ('100', 'CREDIT', 1)
2022-05-13 05:08:38,816 [INFO] sqlalchemy.engine.Engine: INSERT INTO transactions (amount, type, user_id) VALUES (?, ?, ?)
2022-05-13 05:08:38,816 [INFO] sqlalchemy.engine.Engine: [cached since 0.05548s ago] ('-100', 'DEBIT', 1)
2022-05-13 05:08:38,817 [INFO] sqlalchemy.engine.Engine: INSERT INTO transactions (amount, type, user_id) VALUES (?, ?, ?)
2022-05-13 05:08:38,818 [INFO] sqlalchemy.engine.Engine: [cached since 0.05701s ago] ('100', 'CREDIT', 1)
2022-05-13 05:08:38,819 [INFO] sqlalchemy.engine.Engine: INSERT INTO transactions (amount, type, user_id) VALUES (?, ?, ?)
2022-05-13 05:08:38,820 [INFO] sqlalchemy.engine.Engine: [cached since 0.05856s ago] ('4242', 'CREDIT', 1)
2022-05-13 05:08:38,820 [INFO] sqlalchemy.engine.Engine: INSERT INTO transactions (amount, type, user_id) VALUES (?, ?, ?)
2022-05-13 05:08:38,821 [INFO] sqlalchemy.engine.Engine: [cached since 0.06005s ago] ('-2324', 'DEBIT', 1)
2022-05-13 05:08:38,822 [INFO] sqlalchemy.engine.Engine: INSERT INTO transactions (amount, type, user_id) VALUES (?, ?, ?)
2022-05-13 05:08:38,823 [INFO] sqlalchemy.engine.Engine: [cached since 0.06187s ago] ('4242', 'CREDIT', 1)
2022-05-13 05:08:38,824 [INFO] sqlalchemy.engine.Engine: INSERT INTO transactions (amount, type, user_id) VALUES (?, ?, ?)
2022-05-13 05:08:38,824 [INFO] sqlalchemy.engine.Engine: [cached since 0.06316s ago] ('432', 'CREDIT', 1)
2022-05-13 05:08:38,825 [INFO] sqlalchemy.engine.Engine: INSERT INTO transactions (amount, type, user_id) VALUES (?, ?, ?)
2022-05-13 05:08:38,825 [INFO] sqlalchemy.engine.Engine: [cached since 0.06438s ago] ('432', 'CREDIT', 1)
2022-05-13 05:08:38,826 [INFO] sqlalchemy.engine.Engine: INSERT INTO transactions (amount, type, user_id) VALUES (?, ?, ?)
2022-05-13 05:08:38,827 [INFO] sqlalchemy.engine.Engine: [cached since 0.06607s ago] ('-4323', 'DEBIT', 1)
2022-05-13 05:08:38,829 [INFO] sqlalchemy.engine.Engine: COMMIT
2022-05-13 05:08:39,004 [INFO] sqlalchemy.engine.Engine: BEGIN (implicit)
2022-05-13 05:08:39,008 [INFO] sqlalchemy.engine.Engine: SELECT transactions.id AS transactions_id, transactions.amount AS transactions_amount, transactions.type AS transactions_type, transactions.balance AS transactions_balance, transactions.user_id AS transactions_user_id 
FROM transactions
 LIMIT ? OFFSET ?
2022-05-13 05:08:39,010 [INFO] sqlalchemy.engine.Engine: [cached since 13.99s ago] (1000, 0)
2022-05-13 05:08:39,039 [INFO] sqlalchemy.engine.Engine: SELECT count(*) AS count_1 
FROM (SELECT transactions.id AS transactions_id, transactions.amount AS transactions_amount, transactions.type AS transactions_type, transactions.balance AS transactions_balance, transactions.user_id AS transactions_user_id 
FROM transactions) AS anon_1
2022-05-13 05:08:39,041 [INFO] sqlalchemy.engine.Engine: [cached since 13.99s ago] ()
2022-05-13 05:08:39,059 [INFO] sqlalchemy.engine.Engine: UPDATE transactions SET balance=? WHERE transactions.id = ?
2022-05-13 05:08:39,062 [INFO] sqlalchemy.engine.Engine: [generated in 0.00241s] (2000, 1)
2022-05-13 05:08:39,135 [INFO] sqlalchemy.engine.Engine: COMMIT
2022-05-13 05:08:39,369 [INFO] sqlalchemy.engine.Engine: BEGIN (implicit)
2022-05-13 05:08:39,374 [INFO] sqlalchemy.engine.Engine: SELECT transactions.id AS transactions_id, transactions.amount AS transactions_amount, transactions.type AS transactions_type, transactions.balance AS transactions_balance, transactions.user_id AS transactions_user_id 
FROM transactions 
WHERE transactions.id = ?
2022-05-13 05:08:39,375 [INFO] sqlalchemy.engine.Engine: [generated in 0.00169s] (1,)
2022-05-13 05:08:39,394 [INFO] sqlalchemy.engine.Engine: SELECT users.is_active AS users_is_active, users.id AS users_id, users.email AS users_email, users.password AS users_password, users.about AS users_about, users.authenticated AS users_authenticated, users.registered_on AS users_registered_on, users.is_admin AS users_is_admin, users.sum AS users_sum 
FROM users 
WHERE users.id = ?
2022-05-13 05:08:39,395 [INFO] sqlalchemy.engine.Engine: [cached since 110.9s ago] (1,)
2022-05-13 05:08:39,407 [INFO] sqlalchemy.engine.Engine: SELECT transactions.id AS transactions_id, transactions.amount AS transactions_amount, transactions.type AS transactions_type, transactions.balance AS transactions_balance, transactions.user_id AS transactions_user_id 
FROM transactions 
WHERE transactions.id = ?
2022-05-13 05:08:39,408 [INFO] sqlalchemy.engine.Engine: [cached since 0.03478s ago] (2,)
2022-05-13 05:08:39,420 [INFO] sqlalchemy.engine.Engine: UPDATE transactions SET balance=? WHERE transactions.id = ?
2022-05-13 05:08:39,421 [INFO] sqlalchemy.engine.Engine: [cached since 0.3622s ago] (4000, 2)
2022-05-13 05:08:39,444 [INFO] sqlalchemy.engine.Engine: COMMIT
2022-05-13 05:08:39,667 [INFO] sqlalchemy.engine.Engine: BEGIN (implicit)
2022-05-13 05:08:39,671 [INFO] sqlalchemy.engine.Engine: SELECT transactions.id AS transactions_id, transactions.amount AS transactions_amount, transactions.type AS transactions_type, transactions.balance AS transactions_balance, transactions.user_id AS transactions_user_id 
FROM transactions 
WHERE transactions.id = ?
2022-05-13 05:08:39,673 [INFO] sqlalchemy.engine.Engine: [cached since 0.2989s ago] (2,)
2022-05-13 05:08:39,697 [INFO] sqlalchemy.engine.Engine: SELECT users.is_active AS users_is_active, users.id AS users_id, users.email AS users_email, users.password AS users_password, users.about AS users_about, users.authenticated AS users_authenticated, users.registered_on AS users_registered_on, users.is_admin AS users_is_admin, users.sum AS users_sum 
FROM users 
WHERE users.id = ?
2022-05-13 05:08:39,698 [INFO] sqlalchemy.engine.Engine: [cached since 88.79s ago] (1,)
2022-05-13 05:08:39,712 [INFO] sqlalchemy.engine.Engine: SELECT transactions.id AS transactions_id, transactions.amount AS transactions_amount, transactions.type AS transactions_type, transactions.balance AS transactions_balance, transactions.user_id AS transactions_user_id 
FROM transactions 
WHERE transactions.id = ?
2022-05-13 05:08:39,713 [INFO] sqlalchemy.engine.Engine: [cached since 0.3395s ago] (3,)
2022-05-13 05:08:39,722 [INFO] sqlalchemy.engine.Engine: UPDATE transactions SET balance=? WHERE transactions.id = ?
2022-05-13 05:08:39,723 [INFO] sqlalchemy.engine.Engine: [cached since 0.6637s ago] (3900, 3)
2022-05-13 05:08:39,733 [INFO] sqlalchemy.engine.Engine: COMMIT
2022-05-13 05:08:39,872 [INFO] sqlalchemy.engine.Engine: BEGIN (implicit)
2022-05-13 05:08:39,874 [INFO] sqlalchemy.engine.Engine: SELECT transactions.id AS transactions_id, transactions.amount AS transactions_amount, transactions.type AS transactions_type, transactions.balance AS transactions_balance, transactions.user_id AS transactions_user_id 
FROM transactions 
WHERE transactions.id = ?
2022-05-13 05:08:39,875 [INFO] sqlalchemy.engine.Engine: [cached since 0.5016s ago] (3,)
2022-05-13 05:08:39,889 [INFO] sqlalchemy.engine.Engine: SELECT users.is_active AS users_is_active, users.id AS users_id, users.email AS users_email, users.password AS users_password, users.about AS users_about, users.authenticated AS users_authenticated, users.registered_on AS users_registered_on, users.is_admin AS users_is_admin, users.sum AS users_sum 
FROM users 
WHERE users.id = ?
2022-05-13 05:08:39,890 [INFO] sqlalchemy.engine.Engine: [cached since 88.98s ago] (1,)
2022-05-13 05:08:39,900 [INFO] sqlalchemy.engine.Engine: SELECT transactions.id AS transactions_id, transactions.amount AS transactions_amount, transactions.type AS transactions_type, transactions.balance AS transactions_balance, transactions.user_id AS transactions_user_id 
FROM transactions 
WHERE transactions.id = ?
2022-05-13 05:08:39,901 [INFO] sqlalchemy.engine.Engine: [cached since 0.5269s ago] (4,)
2022-05-13 05:08:39,905 [INFO] sqlalchemy.engine.Engine: UPDATE transactions SET balance=? WHERE transactions.id = ?
2022-05-13 05:08:39,906 [INFO] sqlalchemy.engine.Engine: [cached since 0.8467s ago] (4100, 4)
2022-05-13 05:08:39,917 [INFO] sqlalchemy.engine.Engine: COMMIT
2022-05-13 05:08:40,063 [INFO] sqlalchemy.engine.Engine: BEGIN (implicit)
2022-05-13 05:08:40,064 [INFO] sqlalchemy.engine.Engine: SELECT transactions.id AS transactions_id, transactions.amount AS transactions_amount, transactions.type AS transactions_type, transactions.balance AS transactions_balance, transactions.user_id AS transactions_user_id 
FROM transactions 
WHERE transactions.id = ?
2022-05-13 05:08:40,065 [INFO] sqlalchemy.engine.Engine: [cached since 0.6915s ago] (4,)
2022-05-13 05:08:40,074 [INFO] sqlalchemy.engine.Engine: SELECT users.is_active AS users_is_active, users.id AS users_id, users.email AS users_email, users.password AS users_password, users.about AS users_about, users.authenticated AS users_authenticated, users.registered_on AS users_registered_on, users.is_admin AS users_is_admin, users.sum AS users_sum 
FROM users 
WHERE users.id = ?
2022-05-13 05:08:40,075 [INFO] sqlalchemy.engine.Engine: [cached since 89.17s ago] (1,)
2022-05-13 05:08:40,081 [INFO] sqlalchemy.engine.Engine: SELECT transactions.id AS transactions_id, transactions.amount AS transactions_amount, transactions.type AS transactions_type, transactions.balance AS transactions_balance, transactions.user_id AS transactions_user_id 
FROM transactions 
WHERE transactions.id = ?
2022-05-13 05:08:40,082 [INFO] sqlalchemy.engine.Engine: [cached since 0.7086s ago] (5,)
2022-05-13 05:08:40,087 [INFO] sqlalchemy.engine.Engine: UPDATE transactions SET balance=? WHERE transactions.id = ?
2022-05-13 05:08:40,088 [INFO] sqlalchemy.engine.Engine: [cached since 1.029s ago] (4300, 5)
2022-05-13 05:08:40,098 [INFO] sqlalchemy.engine.Engine: COMMIT
2022-05-13 05:08:40,334 [INFO] sqlalchemy.engine.Engine: BEGIN (implicit)
2022-05-13 05:08:40,340 [INFO] sqlalchemy.engine.Engine: SELECT transactions.id AS transactions_id, transactions.amount AS transactions_amount, transactions.type AS transactions_type, transactions.balance AS transactions_balance, transactions.user_id AS transactions_user_id 
FROM transactions 
WHERE transactions.id = ?
2022-05-13 05:08:40,342 [INFO] sqlalchemy.engine.Engine: [cached since 0.9687s ago] (5,)
2022-05-13 05:08:40,379 [INFO] sqlalchemy.engine.Engine: SELECT users.is_active AS users_is_active, users.id AS users_id, users.email AS users_email, users.password AS users_password, users.about AS users_about, users.authenticated AS users_authenticated, users.registered_on AS users_registered_on, users.is_admin AS users_is_admin, users.sum AS users_sum 
FROM users 
WHERE users.id = ?
2022-05-13 05:08:40,383 [INFO] sqlalchemy.engine.Engine: [cached since 89.47s ago] (1,)
2022-05-13 05:08:40,399 [INFO] sqlalchemy.engine.Engine: SELECT transactions.id AS transactions_id, transactions.amount AS transactions_amount, transactions.type AS transactions_type, transactions.balance AS transactions_balance, transactions.user_id AS transactions_user_id 
FROM transactions 
WHERE transactions.id = ?
2022-05-13 05:08:40,401 [INFO] sqlalchemy.engine.Engine: [cached since 1.027s ago] (6,)
2022-05-13 05:08:40,439 [INFO] sqlalchemy.engine.Engine: UPDATE transactions SET balance=? WHERE transactions.id = ?
2022-05-13 05:08:40,441 [INFO] sqlalchemy.engine.Engine: [cached since 1.382s ago] (4500, 6)
2022-05-13 05:08:40,462 [INFO] sqlalchemy.engine.Engine: COMMIT
2022-05-13 05:08:40,661 [INFO] sqlalchemy.engine.Engine: BEGIN (implicit)
2022-05-13 05:08:40,667 [INFO] sqlalchemy.engine.Engine: SELECT transactions.id AS transactions_id, transactions.amount AS transactions_amount, transactions.type AS transactions_type, transactions.balance AS transactions_balance, transactions.user_id AS transactions_user_id 
FROM transactions 
WHERE transactions.id = ?
2022-05-13 05:08:40,670 [INFO] sqlalchemy.engine.Engine: [cached since 1.297s ago] (6,)
2022-05-13 05:08:40,693 [INFO] sqlalchemy.engine.Engine: SELECT users.is_active AS users_is_active, users.id AS users_id, users.email AS users_email, users.password AS users_password, users.about AS users_about, users.authenticated AS users_authenticated, users.registered_on AS users_registered_on, users.is_admin AS users_is_admin, users.sum AS users_sum 
FROM users 
WHERE users.id = ?
2022-05-13 05:08:40,694 [INFO] sqlalchemy.engine.Engine: [cached since 89.79s ago] (1,)
2022-05-13 05:08:40,708 [INFO] sqlalchemy.engine.Engine: SELECT transactions.id AS transactions_id, transactions.amount AS transactions_amount, transactions.type AS transactions_type, transactions.balance AS transactions_balance, transactions.user_id AS transactions_user_id 
FROM transactions 
WHERE transactions.id = ?
2022-05-13 05:08:40,709 [INFO] sqlalchemy.engine.Engine: [cached since 1.336s ago] (7,)
2022-05-13 05:08:40,721 [INFO] sqlalchemy.engine.Engine: UPDATE transactions SET balance=? WHERE transactions.id = ?
2022-05-13 05:08:40,722 [INFO] sqlalchemy.engine.Engine: [cached since 1.663s ago] (3500, 7)
2022-05-13 05:08:40,744 [INFO] sqlalchemy.engine.Engine: COMMIT
2022-05-13 05:08:40,954 [INFO] sqlalchemy.engine.Engine: BEGIN (implicit)
2022-05-13 05:08:40,956 [INFO] sqlalchemy.engine.Engine: SELECT transactions.id AS transactions_id, transactions.amount AS transactions_amount, transactions.type AS transactions_type, transactions.balance AS transactions_balance, transactions.user_id AS transactions_user_id 
FROM transactions 
WHERE transactions.id = ?
2022-05-13 05:08:40,957 [INFO] sqlalchemy.engine.Engine: [cached since 1.584s ago] (7,)
2022-05-13 05:08:40,978 [INFO] sqlalchemy.engine.Engine: SELECT users.is_active AS users_is_active, users.id AS users_id, users.email AS users_email, users.password AS users_password, users.about AS users_about, users.authenticated AS users_authenticated, users.registered_on AS users_registered_on, users.is_admin AS users_is_admin, users.sum AS users_sum 
FROM users 
WHERE users.id = ?
2022-05-13 05:08:40,980 [INFO] sqlalchemy.engine.Engine: [cached since 90.07s ago] (1,)
2022-05-13 05:08:40,993 [INFO] sqlalchemy.engine.Engine: SELECT transactions.id AS transactions_id, transactions.amount AS transactions_amount, transactions.type AS transactions_type, transactions.balance AS transactions_balance, transactions.user_id AS transactions_user_id 
FROM transactions 
WHERE transactions.id = ?
2022-05-13 05:08:40,995 [INFO] sqlalchemy.engine.Engine: [cached since 1.621s ago] (8,)
2022-05-13 05:08:41,008 [INFO] sqlalchemy.engine.Engine: UPDATE transactions SET balance=? WHERE transactions.id = ?
2022-05-13 05:08:41,009 [INFO] sqlalchemy.engine.Engine: [cached since 1.95s ago] (3700, 8)
2022-05-13 05:08:41,027 [INFO] sqlalchemy.engine.Engine: COMMIT
2022-05-13 05:08:41,296 [INFO] sqlalchemy.engine.Engine: BEGIN (implicit)
2022-05-13 05:08:41,304 [INFO] sqlalchemy.engine.Engine: SELECT transactions.id AS transactions_id, transactions.amount AS transactions_amount, transactions.type AS transactions_type, transactions.balance AS transactions_balance, transactions.user_id AS transactions_user_id 
FROM transactions 
WHERE transactions.id = ?
2022-05-13 05:08:41,309 [INFO] sqlalchemy.engine.Engine: [cached since 1.935s ago] (8,)
2022-05-13 05:08:41,333 [INFO] sqlalchemy.engine.Engine: SELECT users.is_active AS users_is_active, users.id AS users_id, users.email AS users_email, users.password AS users_password, users.about AS users_about, users.authenticated AS users_authenticated, users.registered_on AS users_registered_on, users.is_admin AS users_is_admin, users.sum AS users_sum 
FROM users 
WHERE users.id = ?
2022-05-13 05:08:41,335 [INFO] sqlalchemy.engine.Engine: [cached since 90.43s ago] (1,)
2022-05-13 05:08:41,344 [INFO] sqlalchemy.engine.Engine: SELECT transactions.id AS transactions_id, transactions.amount AS transactions_amount, transactions.type AS transactions_type, transactions.balance AS transactions_balance, transactions.user_id AS transactions_user_id 
FROM transactions 
WHERE transactions.id = ?
2022-05-13 05:08:41,345 [INFO] sqlalchemy.engine.Engine: [cached since 1.971s ago] (9,)
2022-05-13 05:08:41,351 [INFO] sqlalchemy.engine.Engine: UPDATE transactions SET balance=? WHERE transactions.id = ?
2022-05-13 05:08:41,352 [INFO] sqlalchemy.engine.Engine: [cached since 2.293s ago] (4700, 9)
2022-05-13 05:08:41,367 [INFO] sqlalchemy.engine.Engine: COMMIT
2022-05-13 05:08:41,538 [INFO] sqlalchemy.engine.Engine: BEGIN (implicit)
2022-05-13 05:08:41,541 [INFO] sqlalchemy.engine.Engine: SELECT transactions.id AS transactions_id, transactions.amount AS transactions_amount, transactions.type AS transactions_type, transactions.balance AS transactions_balance, transactions.user_id AS transactions_user_id 
FROM transactions 
WHERE transactions.id = ?
2022-05-13 05:08:41,544 [INFO] sqlalchemy.engine.Engine: [cached since 2.169s ago] (9,)
2022-05-13 05:08:41,558 [INFO] sqlalchemy.engine.Engine: SELECT users.is_active AS users_is_active, users.id AS users_id, users.email AS users_email, users.password AS users_password, users.about AS users_about, users.authenticated AS users_authenticated, users.registered_on AS users_registered_on, users.is_admin AS users_is_admin, users.sum AS users_sum 
FROM users 
WHERE users.id = ?
2022-05-13 05:08:41,559 [INFO] sqlalchemy.engine.Engine: [cached since 90.65s ago] (1,)
2022-05-13 05:08:41,565 [INFO] sqlalchemy.engine.Engine: SELECT transactions.id AS transactions_id, transactions.amount AS transactions_amount, transactions.type AS transactions_type, transactions.balance AS transactions_balance, transactions.user_id AS transactions_user_id 
FROM transactions 
WHERE transactions.id = ?
2022-05-13 05:08:41,565 [INFO] sqlalchemy.engine.Engine: [cached since 2.192s ago] (10,)
2022-05-13 05:08:41,570 [INFO] sqlalchemy.engine.Engine: UPDATE transactions SET balance=? WHERE transactions.id = ?
2022-05-13 05:08:41,571 [INFO] sqlalchemy.engine.Engine: [cached since 2.512s ago] (4600, 10)
2022-05-13 05:08:41,580 [INFO] sqlalchemy.engine.Engine: COMMIT
2022-05-13 05:08:41,690 [INFO] sqlalchemy.engine.Engine: BEGIN (implicit)
2022-05-13 05:08:41,692 [INFO] sqlalchemy.engine.Engine: SELECT transactions.id AS transactions_id, transactions.amount AS transactions_amount, transactions.type AS transactions_type, transactions.balance AS transactions_balance, transactions.user_id AS transactions_user_id 
FROM transactions 
WHERE transactions.id = ?
2022-05-13 05:08:41,693 [INFO] sqlalchemy.engine.Engine: [cached since 2.319s ago] (10,)
2022-05-13 05:08:41,701 [INFO] sqlalchemy.engine.Engine: SELECT users.is_active AS users_is_active, users.id AS users_id, users.email AS users_email, users.password AS users_password, users.about AS users_about, users.authenticated AS users_authenticated, users.registered_on AS users_registered_on, users.is_admin AS users_is_admin, users.sum AS users_sum 
FROM users 
WHERE users.id = ?
2022-05-13 05:08:41,702 [INFO] sqlalchemy.engine.Engine: [cached since 90.79s ago] (1,)
2022-05-13 05:08:41,707 [INFO] sqlalchemy.engine.Engine: SELECT transactions.id AS transactions_id, transactions.amount AS transactions_amount, transactions.type AS transactions_type, transactions.balance AS transactions_balance, transactions.user_id AS transactions_user_id 
FROM transactions 
WHERE transactions.id = ?
2022-05-13 05:08:41,708 [INFO] sqlalchemy.engine.Engine: [cached since 2.334s ago] (11,)
2022-05-13 05:08:41,712 [INFO] sqlalchemy.engine.Engine: UPDATE transactions SET balance=? WHERE transactions.id = ?
2022-05-13 05:08:41,713 [INFO] sqlalchemy.engine.Engine: [cached since 2.654s ago] (4700, 11)
2022-05-13 05:08:41,745 [INFO] sqlalchemy.engine.Engine: COMMIT
2022-05-13 05:08:41,895 [INFO] sqlalchemy.engine.Engine: BEGIN (implicit)
2022-05-13 05:08:41,898 [INFO] sqlalchemy.engine.Engine: SELECT transactions.id AS transactions_id, transactions.amount AS transactions_amount, transactions.type AS transactions_type, transactions.balance AS transactions_balance, transactions.user_id AS transactions_user_id 
FROM transactions 
WHERE transactions.id = ?
2022-05-13 05:08:41,899 [INFO] sqlalchemy.engine.Engine: [cached since 2.526s ago] (11,)
2022-05-13 05:08:41,920 [INFO] sqlalchemy.engine.Engine: SELECT users.is_active AS users_is_active, users.id AS users_id, users.email AS users_email, users.password AS users_password, users.about AS users_about, users.authenticated AS users_authenticated, users.registered_on AS users_registered_on, users.is_admin AS users_is_admin, users.sum AS users_sum 
FROM users 
WHERE users.id = ?
2022-05-13 05:08:41,922 [INFO] sqlalchemy.engine.Engine: [cached since 91.01s ago] (1,)
2022-05-13 05:08:41,931 [INFO] sqlalchemy.engine.Engine: SELECT transactions.id AS transactions_id, transactions.amount AS transactions_amount, transactions.type AS transactions_type, transactions.balance AS transactions_balance, transactions.user_id AS transactions_user_id 
FROM transactions 
WHERE transactions.id = ?
2022-05-13 05:08:41,932 [INFO] sqlalchemy.engine.Engine: [cached since 2.558s ago] (12,)
2022-05-13 05:08:41,940 [INFO] sqlalchemy.engine.Engine: UPDATE transactions SET balance=? WHERE transactions.id = ?
2022-05-13 05:08:41,941 [INFO] sqlalchemy.engine.Engine: [cached since 2.882s ago] (5700, 12)
2022-05-13 05:08:41,959 [INFO] sqlalchemy.engine.Engine: COMMIT
2022-05-13 05:08:42,167 [INFO] sqlalchemy.engine.Engine: BEGIN (implicit)
2022-05-13 05:08:42,171 [INFO] sqlalchemy.engine.Engine: SELECT transactions.id AS transactions_id, transactions.amount AS transactions_amount, transactions.type AS transactions_type, transactions.balance AS transactions_balance, transactions.user_id AS transactions_user_id 
FROM transactions 
WHERE transactions.id = ?
2022-05-13 05:08:42,174 [INFO] sqlalchemy.engine.Engine: [cached since 2.8s ago] (12,)
2022-05-13 05:08:42,209 [INFO] sqlalchemy.engine.Engine: SELECT users.is_active AS users_is_active, users.id AS users_id, users.email AS users_email, users.password AS users_password, users.about AS users_about, users.authenticated AS users_authenticated, users.registered_on AS users_registered_on, users.is_admin AS users_is_admin, users.sum AS users_sum 
FROM users 
WHERE users.id = ?
2022-05-13 05:08:42,210 [INFO] sqlalchemy.engine.Engine: [cached since 91.3s ago] (1,)
2022-05-13 05:08:42,224 [INFO] sqlalchemy.engine.Engine: SELECT transactions.id AS transactions_id, transactions.amount AS transactions_amount, transactions.type AS transactions_type, transactions.balance AS transactions_balance, transactions.user_id AS transactions_user_id 
FROM transactions 
WHERE transactions.id = ?
2022-05-13 05:08:42,225 [INFO] sqlalchemy.engine.Engine: [cached since 2.852s ago] (13,)
2022-05-13 05:08:42,234 [INFO] sqlalchemy.engine.Engine: UPDATE transactions SET balance=? WHERE transactions.id = ?
2022-05-13 05:08:42,235 [INFO] sqlalchemy.engine.Engine: [cached since 3.176s ago] (6700, 13)
2022-05-13 05:08:42,255 [INFO] sqlalchemy.engine.Engine: COMMIT
2022-05-13 05:08:42,469 [INFO] sqlalchemy.engine.Engine: BEGIN (implicit)
2022-05-13 05:08:42,473 [INFO] sqlalchemy.engine.Engine: SELECT transactions.id AS transactions_id, transactions.amount AS transactions_amount, transactions.type AS transactions_type, transactions.balance AS transactions_balance, transactions.user_id AS transactions_user_id 
FROM transactions 
WHERE transactions.id = ?
2022-05-13 05:08:42,476 [INFO] sqlalchemy.engine.Engine: [cached since 3.102s ago] (13,)
2022-05-13 05:08:42,513 [INFO] sqlalchemy.engine.Engine: SELECT users.is_active AS users_is_active, users.id AS users_id, users.email AS users_email, users.password AS users_password, users.about AS users_about, users.authenticated AS users_authenticated, users.registered_on AS users_registered_on, users.is_admin AS users_is_admin, users.sum AS users_sum 
FROM users 
WHERE users.id = ?
2022-05-13 05:08:42,515 [INFO] sqlalchemy.engine.Engine: [cached since 91.61s ago] (1,)
2022-05-13 05:08:42,548 [INFO] sqlalchemy.engine.Engine: SELECT transactions.id AS transactions_id, transactions.amount AS transactions_amount, transactions.type AS transactions_type, transactions.balance AS transactions_balance, transactions.user_id AS transactions_user_id 
FROM transactions 
WHERE transactions.id = ?
2022-05-13 05:08:42,556 [INFO] sqlalchemy.engine.Engine: [cached since 3.182s ago] (14,)
2022-05-13 05:08:42,570 [INFO] sqlalchemy.engine.Engine: UPDATE transactions SET balance=? WHERE transactions.id = ?
2022-05-13 05:08:42,571 [INFO] sqlalchemy.engine.Engine: [cached since 3.512s ago] (6600, 14)
2022-05-13 05:08:42,594 [INFO] sqlalchemy.engine.Engine: COMMIT
2022-05-13 05:08:42,792 [INFO] sqlalchemy.engine.Engine: BEGIN (implicit)
2022-05-13 05:08:42,796 [INFO] sqlalchemy.engine.Engine: SELECT transactions.id AS transactions_id, transactions.amount AS transactions_amount, transactions.type AS transactions_type, transactions.balance AS transactions_balance, transactions.user_id AS transactions_user_id 
FROM transactions 
WHERE transactions.id = ?
2022-05-13 05:08:42,799 [INFO] sqlalchemy.engine.Engine: [cached since 3.425s ago] (14,)
2022-05-13 05:08:42,823 [INFO] sqlalchemy.engine.Engine: SELECT users.is_active AS users_is_active, users.id AS users_id, users.email AS users_email, users.password AS users_password, users.about AS users_about, users.authenticated AS users_authenticated, users.registered_on AS users_registered_on, users.is_admin AS users_is_admin, users.sum AS users_sum 
FROM users 
WHERE users.id = ?
2022-05-13 05:08:42,824 [INFO] sqlalchemy.engine.Engine: [cached since 91.92s ago] (1,)
2022-05-13 05:08:42,837 [INFO] sqlalchemy.engine.Engine: SELECT transactions.id AS transactions_id, transactions.amount AS transactions_amount, transactions.type AS transactions_type, transactions.balance AS transactions_balance, transactions.user_id AS transactions_user_id 
FROM transactions 
WHERE transactions.id = ?
2022-05-13 05:08:42,839 [INFO] sqlalchemy.engine.Engine: [cached since 3.465s ago] (15,)
2022-05-13 05:08:42,849 [INFO] sqlalchemy.engine.Engine: UPDATE transactions SET balance=? WHERE transactions.id = ?
2022-05-13 05:08:42,851 [INFO] sqlalchemy.engine.Engine: [cached since 3.792s ago] (7600, 15)
2022-05-13 05:08:42,873 [INFO] sqlalchemy.engine.Engine: COMMIT
2022-05-13 05:08:43,074 [INFO] sqlalchemy.engine.Engine: BEGIN (implicit)
2022-05-13 05:08:43,079 [INFO] sqlalchemy.engine.Engine: SELECT transactions.id AS transactions_id, transactions.amount AS transactions_amount, transactions.type AS transactions_type, transactions.balance AS transactions_balance, transactions.user_id AS transactions_user_id 
FROM transactions 
WHERE transactions.id = ?
2022-05-13 05:08:43,081 [INFO] sqlalchemy.engine.Engine: [cached since 3.707s ago] (15,)
2022-05-13 05:08:43,112 [INFO] sqlalchemy.engine.Engine: SELECT users.is_active AS users_is_active, users.id AS users_id, users.email AS users_email, users.password AS users_password, users.about AS users_about, users.authenticated AS users_authenticated, users.registered_on AS users_registered_on, users.is_admin AS users_is_admin, users.sum AS users_sum 
FROM users 
WHERE users.id = ?
2022-05-13 05:08:43,114 [INFO] sqlalchemy.engine.Engine: [cached since 92.21s ago] (1,)
2022-05-13 05:08:43,124 [INFO] sqlalchemy.engine.Engine: SELECT transactions.id AS transactions_id, transactions.amount AS transactions_amount, transactions.type AS transactions_type, transactions.balance AS transactions_balance, transactions.user_id AS transactions_user_id 
FROM transactions 
WHERE transactions.id = ?
2022-05-13 05:08:43,125 [INFO] sqlalchemy.engine.Engine: [cached since 3.752s ago] (16,)
2022-05-13 05:08:43,133 [INFO] sqlalchemy.engine.Engine: UPDATE transactions SET balance=? WHERE transactions.id = ?
2022-05-13 05:08:43,139 [INFO] sqlalchemy.engine.Engine: [cached since 4.08s ago] (7700, 16)
2022-05-13 05:08:43,150 [INFO] sqlalchemy.engine.Engine: COMMIT
2022-05-13 05:08:43,295 [INFO] sqlalchemy.engine.Engine: BEGIN (implicit)
2022-05-13 05:08:43,297 [INFO] sqlalchemy.engine.Engine: SELECT transactions.id AS transactions_id, transactions.amount AS transactions_amount, transactions.type AS transactions_type, transactions.balance AS transactions_balance, transactions.user_id AS transactions_user_id 
FROM transactions 
WHERE transactions.id = ?
2022-05-13 05:08:43,298 [INFO] sqlalchemy.engine.Engine: [cached since 3.924s ago] (16,)
2022-05-13 05:08:43,307 [INFO] sqlalchemy.engine.Engine: SELECT users.is_active AS users_is_active, users.id AS users_id, users.email AS users_email, users.password AS users_password, users.about AS users_about, users.authenticated AS users_authenticated, users.registered_on AS users_registered_on, users.is_admin AS users_is_admin, users.sum AS users_sum 
FROM users 
WHERE users.id = ?
2022-05-13 05:08:43,307 [INFO] sqlalchemy.engine.Engine: [cached since 92.4s ago] (1,)
2022-05-13 05:08:43,313 [INFO] sqlalchemy.engine.Engine: SELECT transactions.id AS transactions_id, transactions.amount AS transactions_amount, transactions.type AS transactions_type, transactions.balance AS transactions_balance, transactions.user_id AS transactions_user_id 
FROM transactions 
WHERE transactions.id = ?
2022-05-13 05:08:43,314 [INFO] sqlalchemy.engine.Engine: [cached since 3.94s ago] (17,)
2022-05-13 05:08:43,318 [INFO] sqlalchemy.engine.Engine: UPDATE transactions SET balance=? WHERE transactions.id = ?
2022-05-13 05:08:43,319 [INFO] sqlalchemy.engine.Engine: [cached since 4.26s ago] (7600, 17)
2022-05-13 05:08:43,328 [INFO] sqlalchemy.engine.Engine: COMMIT
2022-05-13 05:08:43,471 [INFO] sqlalchemy.engine.Engine: BEGIN (implicit)
2022-05-13 05:08:43,472 [INFO] sqlalchemy.engine.Engine: SELECT transactions.id AS transactions_id, transactions.amount AS transactions_amount, transactions.type AS transactions_type, transactions.balance AS transactions_balance, transactions.user_id AS transactions_user_id 
FROM transactions 
WHERE transactions.id = ?
2022-05-13 05:08:43,473 [INFO] sqlalchemy.engine.Engine: [cached since 4.099s ago] (17,)
2022-05-13 05:08:43,480 [INFO] sqlalchemy.engine.Engine: SELECT users.is_active AS users_is_active, users.id AS users_id, users.email AS users_email, users.password AS users_password, users.about AS users_about, users.authenticated AS users_authenticated, users.registered_on AS users_registered_on, users.is_admin AS users_is_admin, users.sum AS users_sum 
FROM users 
WHERE users.id = ?
2022-05-13 05:08:43,480 [INFO] sqlalchemy.engine.Engine: [cached since 92.57s ago] (1,)
2022-05-13 05:08:43,485 [INFO] sqlalchemy.engine.Engine: SELECT transactions.id AS transactions_id, transactions.amount AS transactions_amount, transactions.type AS transactions_type, transactions.balance AS transactions_balance, transactions.user_id AS transactions_user_id 
FROM transactions 
WHERE transactions.id = ?
2022-05-13 05:08:43,485 [INFO] sqlalchemy.engine.Engine: [cached since 4.112s ago] (18,)
2022-05-13 05:08:43,490 [INFO] sqlalchemy.engine.Engine: UPDATE transactions SET balance=? WHERE transactions.id = ?
2022-05-13 05:08:43,490 [INFO] sqlalchemy.engine.Engine: [cached since 4.431s ago] (7700, 18)
2022-05-13 05:08:43,501 [INFO] sqlalchemy.engine.Engine: COMMIT
2022-05-13 05:08:43,709 [INFO] sqlalchemy.engine.Engine: BEGIN (implicit)
2022-05-13 05:08:43,711 [INFO] sqlalchemy.engine.Engine: SELECT transactions.id AS transactions_id, transactions.amount AS transactions_amount, transactions.type AS transactions_type, transactions.balance AS transactions_balance, transactions.user_id AS transactions_user_id 
FROM transactions 
WHERE transactions.id = ?
2022-05-13 05:08:43,712 [INFO] sqlalchemy.engine.Engine: [cached since 4.338s ago] (18,)
2022-05-13 05:08:43,722 [INFO] sqlalchemy.engine.Engine: SELECT users.is_active AS users_is_active, users.id AS users_id, users.email AS users_email, users.password AS users_password, users.about AS users_about, users.authenticated AS users_authenticated, users.registered_on AS users_registered_on, users.is_admin AS users_is_admin, users.sum AS users_sum 
FROM users 
WHERE users.id = ?
2022-05-13 05:08:43,723 [INFO] sqlalchemy.engine.Engine: [cached since 92.81s ago] (1,)
2022-05-13 05:08:43,729 [INFO] sqlalchemy.engine.Engine: SELECT transactions.id AS transactions_id, transactions.amount AS transactions_amount, transactions.type AS transactions_type, transactions.balance AS transactions_balance, transactions.user_id AS transactions_user_id 
FROM transactions 
WHERE transactions.id = ?
2022-05-13 05:08:43,730 [INFO] sqlalchemy.engine.Engine: [cached since 4.357s ago] (19,)
2022-05-13 05:08:43,736 [INFO] sqlalchemy.engine.Engine: UPDATE transactions SET balance=? WHERE transactions.id = ?
2022-05-13 05:08:43,737 [INFO] sqlalchemy.engine.Engine: [cached since 4.678s ago] (7800, 19)
2022-05-13 05:08:43,747 [INFO] sqlalchemy.engine.Engine: COMMIT
2022-05-13 05:08:44,014 [INFO] sqlalchemy.engine.Engine: BEGIN (implicit)
2022-05-13 05:08:44,017 [INFO] sqlalchemy.engine.Engine: SELECT transactions.id AS transactions_id, transactions.amount AS transactions_amount, transactions.type AS transactions_type, transactions.balance AS transactions_balance, transactions.user_id AS transactions_user_id 
FROM transactions 
WHERE transactions.id = ?
2022-05-13 05:08:44,019 [INFO] sqlalchemy.engine.Engine: [cached since 4.645s ago] (19,)
2022-05-13 05:08:44,045 [INFO] sqlalchemy.engine.Engine: SELECT users.is_active AS users_is_active, users.id AS users_id, users.email AS users_email, users.password AS users_password, users.about AS users_about, users.authenticated AS users_authenticated, users.registered_on AS users_registered_on, users.is_admin AS users_is_admin, users.sum AS users_sum 
FROM users 
WHERE users.id = ?
2022-05-13 05:08:44,047 [INFO] sqlalchemy.engine.Engine: [cached since 93.14s ago] (1,)
2022-05-13 05:08:44,062 [INFO] sqlalchemy.engine.Engine: SELECT transactions.id AS transactions_id, transactions.amount AS transactions_amount, transactions.type AS transactions_type, transactions.balance AS transactions_balance, transactions.user_id AS transactions_user_id 
FROM transactions 
WHERE transactions.id = ?
2022-05-13 05:08:44,063 [INFO] sqlalchemy.engine.Engine: [cached since 4.69s ago] (20,)
2022-05-13 05:08:44,076 [INFO] sqlalchemy.engine.Engine: UPDATE transactions SET balance=? WHERE transactions.id = ?
2022-05-13 05:08:44,078 [INFO] sqlalchemy.engine.Engine: [cached since 5.019s ago] (7900, 20)
2022-05-13 05:08:44,109 [INFO] sqlalchemy.engine.Engine: COMMIT
2022-05-13 05:08:44,301 [INFO] sqlalchemy.engine.Engine: BEGIN (implicit)
2022-05-13 05:08:44,305 [INFO] sqlalchemy.engine.Engine: SELECT transactions.id AS transactions_id, transactions.amount AS transactions_amount, transactions.type AS transactions_type, transactions.balance AS transactions_balance, transactions.user_id AS transactions_user_id 
FROM transactions 
WHERE transactions.id = ?
2022-05-13 05:08:44,307 [INFO] sqlalchemy.engine.Engine: [cached since 4.933s ago] (20,)
2022-05-13 05:08:44,323 [INFO] sqlalchemy.engine.Engine: SELECT users.is_active AS users_is_active, users.id AS users_id, users.email AS users_email, users.password AS users_password, users.about AS users_about, users.authenticated AS users_authenticated, users.registered_on AS users_registered_on, users.is_admin AS users_is_admin, users.sum AS users_sum 
FROM users 
WHERE users.id = ?
2022-05-13 05:08:44,324 [INFO] sqlalchemy.engine.Engine: [cached since 93.42s ago] (1,)
2022-05-13 05:08:44,334 [INFO] sqlalchemy.engine.Engine: SELECT transactions.id AS transactions_id, transactions.amount AS transactions_amount, transactions.type AS transactions_type, transactions.balance AS transactions_balance, transactions.user_id AS transactions_user_id 
FROM transactions 
WHERE transactions.id = ?
2022-05-13 05:08:44,336 [INFO] sqlalchemy.engine.Engine: [cached since 4.962s ago] (21,)
2022-05-13 05:08:44,344 [INFO] sqlalchemy.engine.Engine: UPDATE transactions SET balance=? WHERE transactions.id = ?
2022-05-13 05:08:44,346 [INFO] sqlalchemy.engine.Engine: [cached since 5.286s ago] (7800, 21)
2022-05-13 05:08:44,364 [INFO] sqlalchemy.engine.Engine: COMMIT
2022-05-13 05:08:44,536 [INFO] sqlalchemy.engine.Engine: BEGIN (implicit)
2022-05-13 05:08:44,540 [INFO] sqlalchemy.engine.Engine: SELECT transactions.id AS transactions_id, transactions.amount AS transactions_amount, transactions.type AS transactions_type, transactions.balance AS transactions_balance, transactions.user_id AS transactions_user_id 
FROM transactions 
WHERE transactions.id = ?
2022-05-13 05:08:44,542 [INFO] sqlalchemy.engine.Engine: [cached since 5.169s ago] (21,)
2022-05-13 05:08:44,579 [INFO] sqlalchemy.engine.Engine: SELECT users.is_active AS users_is_active, users.id AS users_id, users.email AS users_email, users.password AS users_password, users.about AS users_about, users.authenticated AS users_authenticated, users.registered_on AS users_registered_on, users.is_admin AS users_is_admin, users.sum AS users_sum 
FROM users 
WHERE users.id = ?
2022-05-13 05:08:44,584 [INFO] sqlalchemy.engine.Engine: [cached since 93.68s ago] (1,)
2022-05-13 05:08:44,610 [INFO] sqlalchemy.engine.Engine: SELECT transactions.id AS transactions_id, transactions.amount AS transactions_amount, transactions.type AS transactions_type, transactions.balance AS transactions_balance, transactions.user_id AS transactions_user_id 
FROM transactions 
WHERE transactions.id = ?
2022-05-13 05:08:44,612 [INFO] sqlalchemy.engine.Engine: [cached since 5.239s ago] (22,)
2022-05-13 05:08:44,632 [INFO] sqlalchemy.engine.Engine: UPDATE transactions SET balance=? WHERE transactions.id = ?
2022-05-13 05:08:44,634 [INFO] sqlalchemy.engine.Engine: [cached since 5.575s ago] (7900, 22)
2022-05-13 05:08:44,653 [INFO] sqlalchemy.engine.Engine: COMMIT
2022-05-13 05:08:44,821 [INFO] sqlalchemy.engine.Engine: BEGIN (implicit)
2022-05-13 05:08:44,824 [INFO] sqlalchemy.engine.Engine: SELECT transactions.id AS transactions_id, transactions.amount AS transactions_amount, transactions.type AS transactions_type, transactions.balance AS transactions_balance, transactions.user_id AS transactions_user_id 
FROM transactions 
WHERE transactions.id = ?
2022-05-13 05:08:44,825 [INFO] sqlalchemy.engine.Engine: [cached since 5.451s ago] (22,)
2022-05-13 05:08:44,839 [INFO] sqlalchemy.engine.Engine: SELECT users.is_active AS users_is_active, users.id AS users_id, users.email AS users_email, users.password AS users_password, users.about AS users_about, users.authenticated AS users_authenticated, users.registered_on AS users_registered_on, users.is_admin AS users_is_admin, users.sum AS users_sum 
FROM users 
WHERE users.id = ?
2022-05-13 05:08:44,840 [INFO] sqlalchemy.engine.Engine: [cached since 93.93s ago] (1,)
2022-05-13 05:08:44,847 [INFO] sqlalchemy.engine.Engine: SELECT transactions.id AS transactions_id, transactions.amount AS transactions_amount, transactions.type AS transactions_type, transactions.balance AS transactions_balance, transactions.user_id AS transactions_user_id 
FROM transactions 
WHERE transactions.id = ?
2022-05-13 05:08:44,848 [INFO] sqlalchemy.engine.Engine: [cached since 5.474s ago] (23,)
2022-05-13 05:08:44,854 [INFO] sqlalchemy.engine.Engine: UPDATE transactions SET balance=? WHERE transactions.id = ?
2022-05-13 05:08:44,855 [INFO] sqlalchemy.engine.Engine: [cached since 5.796s ago] (12142, 23)
2022-05-13 05:08:44,879 [INFO] sqlalchemy.engine.Engine: COMMIT
2022-05-13 05:08:45,191 [INFO] sqlalchemy.engine.Engine: BEGIN (implicit)
2022-05-13 05:08:45,195 [INFO] sqlalchemy.engine.Engine: SELECT transactions.id AS transactions_id, transactions.amount AS transactions_amount, transactions.type AS transactions_type, transactions.balance AS transactions_balance, transactions.user_id AS transactions_user_id 
FROM transactions 
WHERE transactions.id = ?
2022-05-13 05:08:45,197 [INFO] sqlalchemy.engine.Engine: [cached since 5.824s ago] (23,)
2022-05-13 05:08:45,215 [INFO] sqlalchemy.engine.Engine: SELECT users.is_active AS users_is_active, users.id AS users_id, users.email AS users_email, users.password AS users_password, users.about AS users_about, users.authenticated AS users_authenticated, users.registered_on AS users_registered_on, users.is_admin AS users_is_admin, users.sum AS users_sum 
FROM users 
WHERE users.id = ?
2022-05-13 05:08:45,216 [INFO] sqlalchemy.engine.Engine: [cached since 94.31s ago] (1,)
2022-05-13 05:08:45,226 [INFO] sqlalchemy.engine.Engine: SELECT transactions.id AS transactions_id, transactions.amount AS transactions_amount, transactions.type AS transactions_type, transactions.balance AS transactions_balance, transactions.user_id AS transactions_user_id 
FROM transactions 
WHERE transactions.id = ?
2022-05-13 05:08:45,227 [INFO] sqlalchemy.engine.Engine: [cached since 5.853s ago] (24,)
2022-05-13 05:08:45,232 [INFO] sqlalchemy.engine.Engine: UPDATE transactions SET balance=? WHERE transactions.id = ?
2022-05-13 05:08:45,233 [INFO] sqlalchemy.engine.Engine: [cached since 6.174s ago] (9818, 24)
2022-05-13 05:08:45,246 [INFO] sqlalchemy.engine.Engine: COMMIT
2022-05-13 05:08:45,354 [INFO] sqlalchemy.engine.Engine: BEGIN (implicit)
2022-05-13 05:08:45,356 [INFO] sqlalchemy.engine.Engine: SELECT transactions.id AS transactions_id, transactions.amount AS transactions_amount, transactions.type AS transactions_type, transactions.balance AS transactions_balance, transactions.user_id AS transactions_user_id 
FROM transactions 
WHERE transactions.id = ?
2022-05-13 05:08:45,357 [INFO] sqlalchemy.engine.Engine: [cached since 5.983s ago] (24,)
2022-05-13 05:08:45,370 [INFO] sqlalchemy.engine.Engine: SELECT users.is_active AS users_is_active, users.id AS users_id, users.email AS users_email, users.password AS users_password, users.about AS users_about, users.authenticated AS users_authenticated, users.registered_on AS users_registered_on, users.is_admin AS users_is_admin, users.sum AS users_sum 
FROM users 
WHERE users.id = ?
2022-05-13 05:08:45,372 [INFO] sqlalchemy.engine.Engine: [cached since 94.46s ago] (1,)
2022-05-13 05:08:45,381 [INFO] sqlalchemy.engine.Engine: SELECT transactions.id AS transactions_id, transactions.amount AS transactions_amount, transactions.type AS transactions_type, transactions.balance AS transactions_balance, transactions.user_id AS transactions_user_id 
FROM transactions 
WHERE transactions.id = ?
2022-05-13 05:08:45,382 [INFO] sqlalchemy.engine.Engine: [cached since 6.008s ago] (25,)
2022-05-13 05:08:45,388 [INFO] sqlalchemy.engine.Engine: UPDATE transactions SET balance=? WHERE transactions.id = ?
2022-05-13 05:08:45,389 [INFO] sqlalchemy.engine.Engine: [cached since 6.329s ago] (14060, 25)
2022-05-13 05:08:45,400 [INFO] sqlalchemy.engine.Engine: COMMIT
2022-05-13 05:08:45,552 [INFO] sqlalchemy.engine.Engine: BEGIN (implicit)
2022-05-13 05:08:45,556 [INFO] sqlalchemy.engine.Engine: SELECT transactions.id AS transactions_id, transactions.amount AS transactions_amount, transactions.type AS transactions_type, transactions.balance AS transactions_balance, transactions.user_id AS transactions_user_id 
FROM transactions 
WHERE transactions.id = ?
2022-05-13 05:08:45,560 [INFO] sqlalchemy.engine.Engine: [cached since 6.186s ago] (25,)
2022-05-13 05:08:45,614 [INFO] sqlalchemy.engine.Engine: SELECT users.is_active AS users_is_active, users.id AS users_id, users.email AS users_email, users.password AS users_password, users.about AS users_about, users.authenticated AS users_authenticated, users.registered_on AS users_registered_on, users.is_admin AS users_is_admin, users.sum AS users_sum 
FROM users 
WHERE users.id = ?
2022-05-13 05:08:45,617 [INFO] sqlalchemy.engine.Engine: [cached since 94.71s ago] (1,)
2022-05-13 05:08:45,633 [INFO] sqlalchemy.engine.Engine: SELECT transactions.id AS transactions_id, transactions.amount AS transactions_amount, transactions.type AS transactions_type, transactions.balance AS transactions_balance, transactions.user_id AS transactions_user_id 
FROM transactions 
WHERE transactions.id = ?
2022-05-13 05:08:45,634 [INFO] sqlalchemy.engine.Engine: [cached since 6.261s ago] (26,)
2022-05-13 05:08:45,645 [INFO] sqlalchemy.engine.Engine: UPDATE transactions SET balance=? WHERE transactions.id = ?
2022-05-13 05:08:45,648 [INFO] sqlalchemy.engine.Engine: [cached since 6.589s ago] (14492, 26)
2022-05-13 05:08:45,670 [INFO] sqlalchemy.engine.Engine: COMMIT
2022-05-13 05:08:45,863 [INFO] sqlalchemy.engine.Engine: BEGIN (implicit)
2022-05-13 05:08:45,866 [INFO] sqlalchemy.engine.Engine: SELECT transactions.id AS transactions_id, transactions.amount AS transactions_amount, transactions.type AS transactions_type, transactions.balance AS transactions_balance, transactions.user_id AS transactions_user_id 
FROM transactions 
WHERE transactions.id = ?
2022-05-13 05:08:45,868 [INFO] sqlalchemy.engine.Engine: [cached since 6.494s ago] (26,)
2022-05-13 05:08:45,887 [INFO] sqlalchemy.engine.Engine: SELECT users.is_active AS users_is_active, users.id AS users_id, users.email AS users_email, users.password AS users_password, users.about AS users_about, users.authenticated AS users_authenticated, users.registered_on AS users_registered_on, users.is_admin AS users_is_admin, users.sum AS users_sum 
FROM users 
WHERE users.id = ?
2022-05-13 05:08:45,889 [INFO] sqlalchemy.engine.Engine: [cached since 94.98s ago] (1,)
2022-05-13 05:08:45,902 [INFO] sqlalchemy.engine.Engine: SELECT transactions.id AS transactions_id, transactions.amount AS transactions_amount, transactions.type AS transactions_type, transactions.balance AS transactions_balance, transactions.user_id AS transactions_user_id 
FROM transactions 
WHERE transactions.id = ?
2022-05-13 05:08:45,904 [INFO] sqlalchemy.engine.Engine: [cached since 6.53s ago] (27,)
2022-05-13 05:08:45,914 [INFO] sqlalchemy.engine.Engine: UPDATE transactions SET balance=? WHERE transactions.id = ?
2022-05-13 05:08:45,916 [INFO] sqlalchemy.engine.Engine: [cached since 6.857s ago] (14924, 27)
2022-05-13 05:08:45,938 [INFO] sqlalchemy.engine.Engine: COMMIT
2022-05-13 05:08:46,120 [INFO] sqlalchemy.engine.Engine: BEGIN (implicit)
2022-05-13 05:08:46,124 [INFO] sqlalchemy.engine.Engine: SELECT transactions.id AS transactions_id, transactions.amount AS transactions_amount, transactions.type AS transactions_type, transactions.balance AS transactions_balance, transactions.user_id AS transactions_user_id 
FROM transactions 
WHERE transactions.id = ?
2022-05-13 05:08:46,127 [INFO] sqlalchemy.engine.Engine: [cached since 6.753s ago] (27,)
2022-05-13 05:08:46,165 [INFO] sqlalchemy.engine.Engine: SELECT users.is_active AS users_is_active, users.id AS users_id, users.email AS users_email, users.password AS users_password, users.about AS users_about, users.authenticated AS users_authenticated, users.registered_on AS users_registered_on, users.is_admin AS users_is_admin, users.sum AS users_sum 
FROM users 
WHERE users.id = ?
2022-05-13 05:08:46,167 [INFO] sqlalchemy.engine.Engine: [cached since 95.26s ago] (1,)
2022-05-13 05:08:46,184 [INFO] sqlalchemy.engine.Engine: SELECT transactions.id AS transactions_id, transactions.amount AS transactions_amount, transactions.type AS transactions_type, transactions.balance AS transactions_balance, transactions.user_id AS transactions_user_id 
FROM transactions 
WHERE transactions.id = ?
2022-05-13 05:08:46,186 [INFO] sqlalchemy.engine.Engine: [cached since 6.813s ago] (28,)
2022-05-13 05:08:46,199 [INFO] sqlalchemy.engine.Engine: UPDATE transactions SET balance=? WHERE transactions.id = ?
2022-05-13 05:08:46,201 [INFO] sqlalchemy.engine.Engine: [cached since 7.142s ago] (10601, 28)
2022-05-13 05:08:46,232 [INFO] sqlalchemy.engine.Engine: COMMIT
2022-05-13 05:08:46,467 [INFO] sqlalchemy.engine.Engine: BEGIN (implicit)
2022-05-13 05:08:46,471 [INFO] sqlalchemy.engine.Engine: SELECT transactions.id AS transactions_id, transactions.amount AS transactions_amount, transactions.type AS transactions_type, transactions.balance AS transactions_balance, transactions.user_id AS transactions_user_id 
FROM transactions 
WHERE transactions.id = ?
2022-05-13 05:08:46,473 [INFO] sqlalchemy.engine.Engine: [cached since 7.1s ago] (28,)
2022-05-13 05:08:46,496 [INFO] sqlalchemy.engine.Engine: SELECT users.is_active AS users_is_active, users.id AS users_id, users.email AS users_email, users.password AS users_password, users.about AS users_about, users.authenticated AS users_authenticated, users.registered_on AS users_registered_on, users.is_admin AS users_is_admin, users.sum AS users_sum 
FROM users 
WHERE users.id = ?
2022-05-13 05:08:46,498 [INFO] sqlalchemy.engine.Engine: [cached since 95.59s ago] (1,)
2022-05-13 05:08:46,518 [INFO] sqlalchemy.engine.Engine: UPDATE users SET sum=? WHERE users.id = ?
2022-05-13 05:08:46,520 [INFO] sqlalchemy.engine.Engine: [generated in 0.00215s] (10601, 1)
2022-05-13 05:08:46,546 [INFO] sqlalchemy.engine.Engine: COMMIT
2022-05-13 05:08:46,735 [INFO] sqlalchemy.engine.Engine: BEGIN (implicit)
2022-05-13 05:08:46,737 [INFO] sqlalchemy.engine.Engine: SELECT users.is_active AS users_is_active, users.id AS users_id, users.email AS users_email, users.password AS users_password, users.about AS users_about, users.authenticated AS users_authenticated, users.registered_on AS users_registered_on, users.is_admin AS users_is_admin, users.sum AS users_sum 
FROM users 
WHERE users.id = ?
2022-05-13 05:08:46,738 [INFO] sqlalchemy.engine.Engine: [cached since 95.83s ago] (1,)
2022-05-13 05:08:46,747 [INFO] sqlalchemy.engine.Engine: SELECT transactions.id AS transactions_id, transactions.amount AS transactions_amount, transactions.type AS transactions_type, transactions.balance AS transactions_balance, transactions.user_id AS transactions_user_id 
FROM transactions 
WHERE transactions.id = ?
2022-05-13 05:08:46,748 [INFO] sqlalchemy.engine.Engine: [cached since 7.375s ago] (1,)
2022-05-13 05:08:46,756 [INFO] sqlalchemy.engine.Engine: SELECT transactions.id AS transactions_id, transactions.amount AS transactions_amount, transactions.type AS transactions_type, transactions.balance AS transactions_balance, transactions.user_id AS transactions_user_id 
FROM transactions 
WHERE transactions.id = ?
2022-05-13 05:08:46,757 [INFO] sqlalchemy.engine.Engine: [cached since 7.383s ago] (2,)
2022-05-13 05:08:46,764 [INFO] sqlalchemy.engine.Engine: SELECT transactions.id AS transactions_id, transactions.amount AS transactions_amount, transactions.type AS transactions_type, transactions.balance AS transactions_balance, transactions.user_id AS transactions_user_id 
FROM transactions 
WHERE transactions.id = ?
2022-05-13 05:08:46,764 [INFO] sqlalchemy.engine.Engine: [cached since 7.391s ago] (3,)
2022-05-13 05:08:46,772 [INFO] sqlalchemy.engine.Engine: SELECT transactions.id AS transactions_id, transactions.amount AS transactions_amount, transactions.type AS transactions_type, transactions.balance AS transactions_balance, transactions.user_id AS transactions_user_id 
FROM transactions 
WHERE transactions.id = ?
2022-05-13 05:08:46,773 [INFO] sqlalchemy.engine.Engine: [cached since 7.4s ago] (4,)
2022-05-13 05:08:46,780 [INFO] sqlalchemy.engine.Engine: SELECT transactions.id AS transactions_id, transactions.amount AS transactions_amount, transactions.type AS transactions_type, transactions.balance AS transactions_balance, transactions.user_id AS transactions_user_id 
FROM transactions 
WHERE transactions.id = ?
2022-05-13 05:08:46,781 [INFO] sqlalchemy.engine.Engine: [cached since 7.407s ago] (5,)
2022-05-13 05:08:46,789 [INFO] sqlalchemy.engine.Engine: SELECT transactions.id AS transactions_id, transactions.amount AS transactions_amount, transactions.type AS transactions_type, transactions.balance AS transactions_balance, transactions.user_id AS transactions_user_id 
FROM transactions 
WHERE transactions.id = ?
2022-05-13 05:08:46,790 [INFO] sqlalchemy.engine.Engine: [cached since 7.416s ago] (6,)
2022-05-13 05:08:46,796 [INFO] sqlalchemy.engine.Engine: SELECT transactions.id AS transactions_id, transactions.amount AS transactions_amount, transactions.type AS transactions_type, transactions.balance AS transactions_balance, transactions.user_id AS transactions_user_id 
FROM transactions 
WHERE transactions.id = ?
2022-05-13 05:08:46,798 [INFO] sqlalchemy.engine.Engine: [cached since 7.424s ago] (7,)
2022-05-13 05:08:46,804 [INFO] sqlalchemy.engine.Engine: SELECT transactions.id AS transactions_id, transactions.amount AS transactions_amount, transactions.type AS transactions_type, transactions.balance AS transactions_balance, transactions.user_id AS transactions_user_id 
FROM transactions 
WHERE transactions.id = ?
2022-05-13 05:08:46,805 [INFO] sqlalchemy.engine.Engine: [cached since 7.431s ago] (8,)
2022-05-13 05:08:46,812 [INFO] sqlalchemy.engine.Engine: SELECT transactions.id AS transactions_id, transactions.amount AS transactions_amount, transactions.type AS transactions_type, transactions.balance AS transactions_balance, transactions.user_id AS transactions_user_id 
FROM transactions 
WHERE transactions.id = ?
2022-05-13 05:08:46,813 [INFO] sqlalchemy.engine.Engine: [cached since 7.44s ago] (9,)
2022-05-13 05:08:46,820 [INFO] sqlalchemy.engine.Engine: SELECT transactions.id AS transactions_id, transactions.amount AS transactions_amount, transactions.type AS transactions_type, transactions.balance AS transactions_balance, transactions.user_id AS transactions_user_id 
FROM transactions 
WHERE transactions.id = ?
2022-05-13 05:08:46,821 [INFO] sqlalchemy.engine.Engine: [cached since 7.447s ago] (10,)
2022-05-13 05:08:46,829 [INFO] sqlalchemy.engine.Engine: SELECT transactions.id AS transactions_id, transactions.amount AS transactions_amount, transactions.type AS transactions_type, transactions.balance AS transactions_balance, transactions.user_id AS transactions_user_id 
FROM transactions 
WHERE transactions.id = ?
2022-05-13 05:08:46,830 [INFO] sqlalchemy.engine.Engine: [cached since 7.456s ago] (11,)
2022-05-13 05:08:46,837 [INFO] sqlalchemy.engine.Engine: SELECT transactions.id AS transactions_id, transactions.amount AS transactions_amount, transactions.type AS transactions_type, transactions.balance AS transactions_balance, transactions.user_id AS transactions_user_id 
FROM transactions 
WHERE transactions.id = ?
2022-05-13 05:08:46,838 [INFO] sqlalchemy.engine.Engine: [cached since 7.464s ago] (12,)
2022-05-13 05:08:46,845 [INFO] sqlalchemy.engine.Engine: SELECT transactions.id AS transactions_id, transactions.amount AS transactions_amount, transactions.type AS transactions_type, transactions.balance AS transactions_balance, transactions.user_id AS transactions_user_id 
FROM transactions 
WHERE transactions.id = ?
2022-05-13 05:08:46,846 [INFO] sqlalchemy.engine.Engine: [cached since 7.472s ago] (13,)
2022-05-13 05:08:46,853 [INFO] sqlalchemy.engine.Engine: SELECT transactions.id AS transactions_id, transactions.amount AS transactions_amount, transactions.type AS transactions_type, transactions.balance AS transactions_balance, transactions.user_id AS transactions_user_id 
FROM transactions 
WHERE transactions.id = ?
2022-05-13 05:08:46,854 [INFO] sqlalchemy.engine.Engine: [cached since 7.481s ago] (14,)
2022-05-13 05:08:46,861 [INFO] sqlalchemy.engine.Engine: SELECT transactions.id AS transactions_id, transactions.amount AS transactions_amount, transactions.type AS transactions_type, transactions.balance AS transactions_balance, transactions.user_id AS transactions_user_id 
FROM transactions 
WHERE transactions.id = ?
2022-05-13 05:08:46,861 [INFO] sqlalchemy.engine.Engine: [cached since 7.488s ago] (15,)
2022-05-13 05:08:46,871 [INFO] sqlalchemy.engine.Engine: SELECT transactions.id AS transactions_id, transactions.amount AS transactions_amount, transactions.type AS transactions_type, transactions.balance AS transactions_balance, transactions.user_id AS transactions_user_id 
FROM transactions 
WHERE transactions.id = ?
2022-05-13 05:08:46,872 [INFO] sqlalchemy.engine.Engine: [cached since 7.498s ago] (16,)
2022-05-13 05:08:46,878 [INFO] sqlalchemy.engine.Engine: SELECT transactions.id AS transactions_id, transactions.amount AS transactions_amount, transactions.type AS transactions_type, transactions.balance AS transactions_balance, transactions.user_id AS transactions_user_id 
FROM transactions 
WHERE transactions.id = ?
2022-05-13 05:08:46,879 [INFO] sqlalchemy.engine.Engine: [cached since 7.505s ago] (17,)
2022-05-13 05:08:46,885 [INFO] sqlalchemy.engine.Engine: SELECT transactions.id AS transactions_id, transactions.amount AS transactions_amount, transactions.type AS transactions_type, transactions.balance AS transactions_balance, transactions.user_id AS transactions_user_id 
FROM transactions 
WHERE transactions.id = ?
2022-05-13 05:08:46,886 [INFO] sqlalchemy.engine.Engine: [cached since 7.513s ago] (18,)
2022-05-13 05:08:46,894 [INFO] sqlalchemy.engine.Engine: SELECT transactions.id AS transactions_id, transactions.amount AS transactions_amount, transactions.type AS transactions_type, transactions.balance AS transactions_balance, transactions.user_id AS transactions_user_id 
FROM transactions 
WHERE transactions.id = ?
2022-05-13 05:08:46,896 [INFO] sqlalchemy.engine.Engine: [cached since 7.522s ago] (19,)
2022-05-13 05:08:46,904 [INFO] sqlalchemy.engine.Engine: SELECT transactions.id AS transactions_id, transactions.amount AS transactions_amount, transactions.type AS transactions_type, transactions.balance AS transactions_balance, transactions.user_id AS transactions_user_id 
FROM transactions 
WHERE transactions.id = ?
2022-05-13 05:08:46,906 [INFO] sqlalchemy.engine.Engine: [cached since 7.533s ago] (20,)
2022-05-13 05:08:46,916 [INFO] sqlalchemy.engine.Engine: SELECT transactions.id AS transactions_id, transactions.amount AS transactions_amount, transactions.type AS transactions_type, transactions.balance AS transactions_balance, transactions.user_id AS transactions_user_id 
FROM transactions 
WHERE transactions.id = ?
2022-05-13 05:08:46,917 [INFO] sqlalchemy.engine.Engine: [cached since 7.543s ago] (21,)
2022-05-13 05:08:46,922 [INFO] sqlalchemy.engine.Engine: SELECT transactions.id AS transactions_id, transactions.amount AS transactions_amount, transactions.type AS transactions_type, transactions.balance AS transactions_balance, transactions.user_id AS transactions_user_id 
FROM transactions 
WHERE transactions.id = ?
2022-05-13 05:08:46,923 [INFO] sqlalchemy.engine.Engine: [cached since 7.55s ago] (22,)
2022-05-13 05:08:46,928 [INFO] sqlalchemy.engine.Engine: SELECT transactions.id AS transactions_id, transactions.amount AS transactions_amount, transactions.type AS transactions_type, transactions.balance AS transactions_balance, transactions.user_id AS transactions_user_id 
FROM transactions 
WHERE transactions.id = ?
2022-05-13 05:08:46,928 [INFO] sqlalchemy.engine.Engine: [cached since 7.555s ago] (23,)
2022-05-13 05:08:46,933 [INFO] sqlalchemy.engine.Engine: SELECT transactions.id AS transactions_id, transactions.amount AS transactions_amount, transactions.type AS transactions_type, transactions.balance AS transactions_balance, transactions.user_id AS transactions_user_id 
FROM transactions 
WHERE transactions.id = ?
2022-05-13 05:08:46,933 [INFO] sqlalchemy.engine.Engine: [cached since 7.56s ago] (24,)
2022-05-13 05:08:46,938 [INFO] sqlalchemy.engine.Engine: SELECT transactions.id AS transactions_id, transactions.amount AS transactions_amount, transactions.type AS transactions_type, transactions.balance AS transactions_balance, transactions.user_id AS transactions_user_id 
FROM transactions 
WHERE transactions.id = ?
2022-05-13 05:08:46,939 [INFO] sqlalchemy.engine.Engine: [cached since 7.565s ago] (25,)
2022-05-13 05:08:46,944 [INFO] sqlalchemy.engine.Engine: SELECT transactions.id AS transactions_id, transactions.amount AS transactions_amount, transactions.type AS transactions_type, transactions.balance AS transactions_balance, transactions.user_id AS transactions_user_id 
FROM transactions 
WHERE transactions.id = ?
2022-05-13 05:08:46,945 [INFO] sqlalchemy.engine.Engine: [cached since 7.571s ago] (26,)
2022-05-13 05:08:46,950 [INFO] sqlalchemy.engine.Engine: SELECT transactions.id AS transactions_id, transactions.amount AS transactions_amount, transactions.type AS transactions_type, transactions.balance AS transactions_balance, transactions.user_id AS transactions_user_id 
FROM transactions 
WHERE transactions.id = ?
2022-05-13 05:08:46,951 [INFO] sqlalchemy.engine.Engine: [cached since 7.577s ago] (27,)
2022-05-13 05:08:46,955 [INFO] sqlalchemy.engine.Engine: SELECT transactions.id AS transactions_id, transactions.amount AS transactions_amount, transactions.type AS transactions_type, transactions.balance AS transactions_balance, transactions.user_id AS transactions_user_id 
FROM transactions 
WHERE transactions.id = ?
2022-05-13 05:08:46,956 [INFO] sqlalchemy.engine.Engine: [cached since 7.583s ago] (28,)
2022-05-13 05:08:46,962 [INFO] sqlalchemy.engine.Engine: ROLLBACK
